16s_A.fulgidus_domain1
16s_A.fulgidus_domain2
16s_A.fulgidus_domain3
16s_A.fulgidus_domain4
16s_A.pyrophilus_domain1
16s_A.pyrophilus_domain2
16s_A.pyrophilus_domain3
16s_A.pyrophilus_domain4
16s_B.burgdorferi_domain1
16s_B.burgdorferi_domain2
16s_B.burgdorferi_domain3
16s_B.burgdorferi_domain4
16s_B.subtilis_domain1
16s_B.subtilis_domain2
16s_B.subtilis_domain3
16s_B.subtilis_domain4
16s_C.elegans_domain1
16s_C.elegans_domain2
16s_C.elegans_domain3
16s_C.elegans_domain4
16s_C.psittaci_domain1
16s_C.psittaci_domain2
16s_C.psittaci_domain3
16s_C.psittaci_domain4
16s_C.reinhardtii.chloro_domain1
16s_C.reinhardtii.chloro_domain2
16s_C.reinhardtii.chloro_domain3
16s_C.reinhardtii.chloro_domain4
16s_C.reinhardtii.mito_domain1
16s_C.reinhardtii.mito_domain2
16s_C.reinhardtii.mito_domain3
16s_C.reinhardtii.mito_domain4
16s_D.melanogaster_domain1
16s_D.melanogaster_domain2
16s_D.melanogaster_domain3
16s_D.melanogaster_domain4
16s_E.coli_domain1
16s_E.coli_domain2
16s_E.coli_domain3
16s_E.coli_domain4
16s_F.ananassa_domain1
16s_F.ananassa_domain2
16s_F.ananassa_domain3
16s_F.ananassa_domain4
16s_G.intestinalis_domain1
16s_G.intestinalis_domain2
16s_G.intestinalis_domain3
16s_G.intestinalis_domain4
16s_H.sapiens_domain1
16s_H.sapiens_domain2
16s_H.sapiens_domain3
16s_H.sapiens_domain4
16s_H.sapiens.mito_domain1
16s_H.sapiens.mito_domain2
16s_H.sapiens.mito_domain3
16s_H.sapiens.mito_domain4
16s_H.volcanii_domain1
16s_H.volcanii_domain2
16s_H.volcanii_domain3
16s_H.volcanii_domain4
16s_P.occultum_domain1
16s_P.occultum_domain2
16s_P.occultum_domain3
16s_P.occultum_domain4
16s_P.staleyi_domain1
16s_P.staleyi_domain2
16s_P.staleyi_domain3
16s_P.staleyi_domain4
16s_S.cerevisiae_domain1
16s_S.cerevisiae_domain2
16s_S.cerevisiae_domain3
16s_S.cerevisiae_domain4
16s_T.gondii_domain1
16s_T.gondii_domain2
16s_T.gondii_domain3
16s_T.gondii_domain4
16s_T.maritima_domain1
16s_T.maritima_domain2
16s_T.maritima_domain3
16s_T.maritima_domain4
16s_Z.mays_domain1
16s_Z.mays_domain2
16s_Z.mays_domain3
16s_Z.mays_domain4
