23s_B.subtilis_domain1
23s_B.subtilis_domain2
23s_B.subtilis_domain3
23s_B.subtilis_domain4
23s_B.subtilis_domain5
23s_B.subtilis_domain6
23s_E.coli_domain1
23s_E.coli_domain2
23s_E.coli_domain3
23s_E.coli_domain4
23s_E.coli_domain5
23s_E.coli_domain6
23s_H.pylori_domain1
23s_H.pylori_domain2
23s_H.pylori_domain3
23s_H.pylori_domain4
23s_H.pylori_domain5
23s_H.pylori_domain6
23s_S.aureus_domain1
23s_S.aureus_domain2
23s_S.aureus_domain3
23s_S.aureus_domain4
23s_S.aureus_domain5
23s_S.aureus_domain6
23s_T.thermophilus_domain1
23s_T.thermophilus_domain2
23s_T.thermophilus_domain3
23s_T.thermophilus_domain4
23s_T.thermophilus_domain5
23s_T.thermophilus_domain6
