grp1_a.I1.b.coliphage.T4.A2.NRDB
grp1_a.I1.b.Dermocarpa.sp.ATCC29371.C3.tMET
grp1_a.I1.b.Phormidium.sp.N182.C3.tLEU
grp1_a.I1.b.S.hofmanii.C3.tMET
grp1_a.I1.b.S.negevensis.B4.LSU.1931
grp1_a.I1.b.Synechococcus.sp2.C3.tLEU
grp1_a.I1.c.A.cherimola.C3.tLEU
grp1_a.I1.c.G.prostrata.C3.tLEU
grp1_a.I1.c.N.tabacum.C3.tLEU
grp1_a.I1.c.P.thunbergii.C3.tLEU
grp1_a.I1.c.S.alterniflora.C3.tLEU
grp1_a.I1.c.S.anglica.C3.tLEU
grp1_a.I1.c.S.bicolor.C3.tLEU
grp1_a.I1.c.S.maritima.C3.tLEU
grp1_a.I1.c.S.x.townsendii.C3.tLEU
grp1_a.I1.e.A.adeninivorans.C1.LSU.2449
grp1_a.I1.e.A.capsulatus.CBS213.53.C1.SSU.943
grp1_a.I1.e.A.capsulatus.FLs1.C1.SSU
grp1_a.I1.e.A.capsulatus.G184B.C1.SSU
grp1_a.I1.e.A.capsulatus.G186B.C1.SSU
grp1_a.I1.e.A.stipitatus.C1.SSU.1046
grp1_a.I1.e.B.ciliata.JCM6865.C1.SSU.1506
grp1_a.I1.e.B.ciliata.JCM6865.C1.SSU.943
grp1_a.I1.e.B.yamatoana.JCM2896.C1.SSU.1506
grp1_a.I1.e.B.yamatoana.JCM2896.C1.SSU.943
grp1_a.I1.e.C.botrytis.C1.SSU.1506
grp1_a.I1.e.C.ellipsoidea.211-1a.C1.SSU.1506
grp1_a.I1.e.C.ellipsoidea.IAMC-87.C1.SSU.1506
grp1_a.I1.e.C.grayi.UNK.SSU.1046
grp1_a.I1.e.C.grayi.UNK.SSU.1516
grp1_a.I1.e.C.merochlorophea.UNK.SSU.1046
grp1_a.I1.e.C.merochlorophea.UNK.SSU.1210
grp1_a.I1.e.C.merochlorophea.UNK.SSU.1389
grp1_a.I1.e.C.merochlorophea.UNK.SSU.1516
grp1_a.I1.e.C.mirabilis.C1.SSU.1506
grp1_a.I1.e.C.parasitica.E.SSU.1199
grp1_a.I1.e.C.saccatum.C1.SSU.1512
grp1_a.I1.e.C.saxonicum.C1.SSU.1506
grp1_a.I1.e.D.parva.C1.SSU.1512
grp1_a.I1.e.D.parva.C1.SSU.943
grp1_a.I1.e.D.salina.C1.SSU.943
grp1_a.I1.e.E.dermatitidis.C1.SSU.943
grp1_a.I1.e.G.planctonica.C1.SSU.943
grp1_a.I1.e.G.spirotaenia.C1.SSU.1506
grp1_a.I1.e.L.dispersa.UNK.SSU.1046
grp1_a.I1.e.L.dispersa.UNK.SSU.114
grp1_a.I1.e.L.dispersa.UNK.SSU.1210
grp1_a.I1.e.L.dispersa.UNK.SSU.1516
grp1_a.I1.e.L.dispersa.UNK.SSU.287
grp1_a.I1.e.L.dispersa.UNK.SSU.516
grp1_a.I1.e.L.dispersa.UNK.SSU.789
grp1_a.I1.e.M.caldariorum.C1.SSU.1506
grp1_a.I1.e.M.scalaris.C1.SSU.1506
grp1_a.I1.e.P.carinii.C1.SSU.1506
grp1_a.I1.e.P.carinii.Pc1.C1.LSU.1921
grp1_a.I1.e.P.carinii.Pc2.C1.LSU.1921
grp1_a.I1.e.P.carinii.Pc3.C1.LSU.1921
grp1_a.I1.e.P.clavariiformis.C1.SSU.943
grp1_a.I1.e.P.inouyei.C1.SSU.1506
grp1_a.I1.e.P.inouyei.C1.SSU.943
grp1_a.I1.e.P.macrosporus.C1.SSU.1506
grp1_a.I1.e.P.macrosporus.C1.SSU.943
grp1_a.I1.e.P.pachydermus.C1.SSU.943
grp1_a.I1.e.P.sarcinoidea.C1.SSU.943
grp1_a.I1.e.P.yezoensis.C1.SSU.516
grp1_a.I1.e.S.granulatum.C1.SSU.1506
grp1_a.I1.e.S.paniceum.UNK.SSU.1052
grp1_a.I1.e.S.paniceum.UNK.SSU.114
grp1_a.I1.e.S.paniceum.UNK.SSU.1210
grp1_a.I1.e.S.paniceum.UNK.SSU.1506
grp1_a.I1.e.S.paniceum.UNK.SSU.287
grp1_a.I1.e.S.sclerotiorum_1837.C1.LSU.798
grp1_a.I1.e.Staurastrum.sp.M752.C1.SSU.1506
grp1_a.I1.e.Staurastrum.sp.M753.C1.SSU.1506
grp1_a.I1.e.T.cosmopolitanis.C1.LSU.1925
grp1_a.I1.e.T.hyperangularis.C1.LSU.1925
grp1_a.I1.e.T.malaccensis.C1.LSU.1925
grp1_a.I1.e.T.pigmentosa.C1.LSU.1925
grp1_a.I1.e.U.maydis.C1.SSU.943
grp1_a.I1.e.Z.circumcarinata.C1.SSU.1506
grp1_a.I1.m.M.grisea.B2.ND1
grp1_a.I1.m.S.luteus.A1.LSU.2449
grp1_a.I1.m.S.luteus.A1.LSU.2504
grp1_a.I1.m.S.luteus.B2.LSU.1974
grp1_a.I1.m.S.luteus.B4.LSU.1923
grp1_a.I1.m.S.luteus.B4.LSU.2500
grp1_a.I1.m.S.luteus.C2.LSU.1685
grp1_a.I1.m.S.luteus.C2.LSU.1949
grp1_a.I1.m.S.pombe.B1.OX1
grp1_b.I1.e.A.griffini.1.C1.SSU.516
grp1_b.I1.e.A.griffini.2.C1.SSU.516
grp1_b.I1.e.C.saccharophila.C1.SSU.156
grp1_b.I1.e.H.rubra.1.C1.SSU.1506
grp1_b.I1.e.M.anisopliae.2.C1.LSU.1921
grp1_b.I1.e.M.anisopliae.3.C1.LSU.1921
grp1_b.I1.e.P.leucosticta.C1.SSU.516
grp1_b.I1.e.T.thermophila.C1.LSU.1925
grp1_s.I1.e.T.thermophila.C1.LSU.1925.schem
