RNaseP_A.ambivalens
RNaseP_A.brierleyi
RNaseP_A.chroococcum
RNaseP_A.erythreum
RNaseP_A.eutrophus
RNaseP_A.fastidiosum
RNaseP_A.ferrooxidans-g
RNaseP_A.ferrooxidans
RNaseP_A.fulgidus
RNaseP_A.laidlawii
RNaseP_A.macrocytogenes123
RNaseP_Anabaena-ATCC29413
RNaseP_Anabaena-PCC7120
RNaseP_A.nidulans
RNaseP_A.obstetricans
RNaseP_A.paspali
RNaseP_A.pernix
RNaseP_A.salinestris-184
RNaseP_A.telluris
RNaseP_A.truei
RNaseP_A.tumefaciens
RNaseP_A.vinlandii-CA
RNaseP_B.anthracis
RNaseP_B.brevis
RNaseP_B.bronchiseptica
RNaseP_B.bufo
RNaseP_B.burgdorferi-g
RNaseP_B.burgdorferi
RNaseP_B.calamita
RNaseP_BH145
RNaseP_B.halodurans
RNaseP_B.hermsii
RNaseP_B.megaterium
RNaseP_B.pertussis
RNaseP_B.stearothermophilus
RNaseP_B.subtilis-g
RNaseP_B.subtilis
RNaseP_B.thetaiotaomicron
RNaseP_Buchnera-APS
RNaseP_C.acetobutylicum
RNaseP_Calothrix-PCC7601
RNaseP_C.aurantiacus
RNaseP_C.crescentus
RNaseP_C.difficile
RNaseP_C.diphtheriae
RNaseP_C.hydrogenoformans
RNaseP_C.innocuum
RNaseP_C.jejuni
RNaseP_C.limicola
RNaseP_C.muridarum-g
RNaseP_C.opuntiae
RNaseP_CPA49
RNaseP_CPA54
RNaseP_CPA56
RNaseP_CPA58
RNaseP_CPA59
RNaseP_CPA61
RNaseP_CPA62
RNaseP_CPA63
RNaseP_C.paradoxa-cyanelle
RNaseP_CPB139
RNaseP_CPB141
RNaseP_CPB144
RNaseP_CPB147
RNaseP_CPB149
RNaseP_CPB69
RNaseP_CPB70
RNaseP_CPB72
RNaseP_CPB73
RNaseP_CPB74
RNaseP_CPB75
RNaseP_CPB7776
RNaseP_CPB80
RNaseP_CPB86
RNaseP_C.pecorum-IPA
RNaseP_C.pneumoniae-AR39
RNaseP_C.pneumoniae-CWL029
RNaseP_C.pneumoniae
RNaseP_C.psittaci-2
RNaseP_C.psittaci-R54
RNaseP_C.psittaci
RNaseP_C.sporogenes
RNaseP_C.tepidum-g
RNaseP_C.tepidum
RNaseP_C.testosteroni
RNaseP_C.trachomatis-2
RNaseP_C.trachomatis-D
RNaseP_C.trachomatis
RNaseP_C.vinosum
RNaseP_D.desulfuricans
RNaseP_Dermocarpa-PCC7437
RNaseP_D.jeanneae
RNaseP_D.radiodurans-g
RNaseP_D.radiodurans
RNaseP_DU1
RNaseP_D.vulgaris
RNaseP_E1B
RNaseP_E.agglomerulans
RNaseP_E.asper
RNaseP_E.coli-g
RNaseP_E.coli-JM109
RNaseP_E.coli
RNaseP_E.eschscholtzii-1
RNaseP_E.eschscholtzii-2
RNaseP_E.eschsholtzii
RNaseP_E.faecalis-2
RNaseP_E.faecalis
RNaseP_EF
RNaseP_EM14b-11
RNaseP_EM14b-9
RNaseP_ERE
RNaseP_ERH
RNaseP_ESH167E
RNaseP_ESH167F
RNaseP_ESH17b-7
RNaseP_ESH183A
RNaseP_ESH183D
RNaseP_ESH20b-1
RNaseP_ESH20b-4
RNaseP_ESH210B
RNaseP_ESH212C
RNaseP_ESH21b-4
RNaseP_ESH26-4
RNaseP_ESH30-3
RNaseP_ESH46a-1
RNaseP_ESH7-16
RNaseP_ESH7-4
RNaseP_ESH7-9
RNaseP_E.thermomarinus
RNaseP_F.antarctica
RNaseP_Fischerella-UTEX1829
RNaseP_F.mortiferum
RNaseP_F.yabuuchiae
RNaseP_G.gorilla
RNaseP_G.sulfurreducens
RNaseP_Halobacterium-NRC1
RNaseP_H.aurantiacus
RNaseP_H.chlorum-partial
RNaseP_H.chlorum
RNaseP_H.cutirubrum
RNaseP_H.influenza
RNaseP_H.mobilis
RNaseP_H.morrhuae
RNaseP_H.pylori-26695
RNaseP_H.pylori-48K
RNaseP_H.pylori-J99
RNaseP_H.pylori-RU1
RNaseP_H.sapiens
RNaseP_H.trapanicum
RNaseP_H.volcanii
RNaseP_I.calvum
RNaseP_K.pneumoniae
RNaseP_K.polysporus
RNaseP_K.thermotolerans
RNaseP_L.acidophilus
RNaseP_L.borgpetersenii
RNaseP_L.ferrooxidans-CF
RNaseP_L.ferrooxidans-MK
RNaseP_LGA10
RNaseP_LGA1
RNaseP_LGA2
RNaseP_LGA6
RNaseP_LGA8
RNaseP_LGB21
RNaseP_LGB23
RNaseP_LGB27
RNaseP_LGB32
RNaseP_LGB41
RNaseP_LGB5
RNaseP_LGW113
RNaseP_LGW116
RNaseP_LGW17
RNaseP_LGW18
RNaseP_LGW23
RNaseP_LGW46
RNaseP_L.japonicus-IFO12422
RNaseP_L.japonicus-IFO15385
RNaseP_L.muta-1
RNaseP_L.muta-2
RNaseP_L.weilii
RNaseP_M.avium
RNaseP_M.barkeri
RNaseP_M.bovis
RNaseP_M.capricolum
RNaseP_M.fermentans
RNaseP_M.fervidus
RNaseP_M.flocculare
RNaseP_M.formicicum
RNaseP_M.genitalium
RNaseP_M.hyopneumoniae
RNaseP_M.jannaschii
RNaseP_M.leprae
RNaseP_M.luteus
RNaseP_M.maripaludus
RNaseP_M.phosphovorus-JCM9379
RNaseP_M.phosphovorus-JCM9380
RNaseP_M.pneumoniae
RNaseP_M.sedula
RNaseP_M.thermoautotrophicumDH-2
RNaseP_M.thermoautotrophicumDH-g
RNaseP_M.thermoautotrophicum-DH
RNaseP_M.thermoautotrphicumMarb
RNaseP_M.thermolithotrophicus
RNaseP_M.tuberculosis-g
RNaseP_M.tuberculosis
RNaseP_M.vannielli
RNaseP_Mxa1
RNaseP_M.xanthus
RNaseP_N.albus
RNaseP_N.europaea
RNaseP_N.flavus
RNaseP_N.fulvus-JCM3335
RNaseP_N.fulvus-KCTC9580
RNaseP_N.gonnorhoeae
RNaseP_N.gregoryi
RNaseP_N.jensenii
RNaseP_N.luteus
RNaseP_N.meningitidis-Z2491
RNaseP_N.meningtidis-MC58
RNaseP_Nocardiodes-ATCC39419
RNaseP_Nocardiodes-NSP41
RNaseP_N.olivacea-chloroplast
RNaseP_Nostoc-PCC6705
RNaseP_Nostoc-PCC7107
RNaseP_Nostoc-PCC7413
RNaseP_N.plantarum
RNaseP_N.pyridinolyticus
RNaseP_N.simplex
RNaseP_Onchorhynchus-1
RNaseP_Onchorhynchus-2
RNaseP_Onchorhynchus-sp-1
RNaseP_Onchorhynchus-sp-2
RNaseP_Oscillatoria-PCC7515
RNaseP_P126
RNaseP_P131
RNaseP_P.abyssi
RNaseP_P.acanthamoebae
RNaseP_P.aerogenes
RNaseP_P.aeruginosa
RNaseP_P.alcalifaciens
RNaseP_P.azotoformans
RNaseP_P.canadensis
RNaseP_P.cultripes
RNaseP_P.douglassii
RNaseP_PF101
RNaseP_P.fluorescens
RNaseP_P.furiosus-2
RNaseP_P.furiosus
RNaseP_P.gingivalis
RNaseP_P.guilliermondii
RNaseP_P.hollandica
RNaseP_P.horikoshi
RNaseP_P.innocua
RNaseP_P.marinus-2
RNaseP_P.marinus
RNaseP_P.maris
RNaseP_P.mississippiensis
RNaseP_P.purpurea-chloroplast
RNaseP_P.putida
RNaseP_P.pygmaeus
RNaseP_Prochlorococcus-NATL1
RNaseP_Prochlorococcus-NATL2
RNaseP_Prochlorococcus-PAC1A
RNaseP_Prochlorococcus-PAC1B
RNaseP_Prochlorococcus-PCC9511
RNaseP_Prochlorococcus-TAK9803-2
RNaseP_Prochlorococcus-TATL2-2
RNaseP_Prochlorococcus-TATL2
RNaseP_PS1
RNaseP_PS22
RNaseP_PS24
RNaseP_PS26
RNaseP_PS27
RNaseP_PS2
RNaseP_PS31
RNaseP_PS33
RNaseP_PS4
RNaseP_PS6
RNaseP_PS8
RNaseP_Pseudoanabaena-PCC6903
RNaseP_P.shigelloides
RNaseP_P.staleyi
RNaseP_P.strasburgensis
RNaseP_P.stutzeri
RNaseP_P.troglodytes
RNaseP_purpleX
RNaseP_P.vulgaris
RNaseP_R.americana-mito
RNaseP_R.capsulatus
RNaseP_R.norvegicus
RNaseP_R.palustris
RNaseP_R.prowazekii
RNaseP_Rr327
RNaseP_Rr368
RNaseP_R.rubrum
RNaseP_Saccharomonospora-K180
RNaseP_S.acidocaldarius
RNaseP_S.aureus-2
RNaseP_S.aureus
RNaseP_S.azurea-K161T
RNaseP_S.bayanus
RNaseP_S.bikiniensis
RNaseP_S.bovis
RNaseP_S.caesia-K163
RNaseP_S.caesia-K182
RNaseP_S.caesia-K200
RNaseP_S.caesia-K76T
RNaseP_S.caesia-SB01
RNaseP_S.caesia-SB22
RNaseP_S.carlsbergensis
RNaseP_S.castellii
RNaseP_S.cerevisiae
RNaseP_S.cyanea-K168T
RNaseP_S.dairensis
RNaseP_S.diastaticus
RNaseP_S.epidermidis
RNaseP_S.equi-g
RNaseP_S.equi
RNaseP_S.faciem
RNaseP_S.fibuligera
RNaseP_S.glauca-K194
RNaseP_S.glauca-K195
RNaseP_S.glauca-K202
RNaseP_S.glauca-L169T
RNaseP_S.globosus
RNaseP_S.gordonii
RNaseP_S.japonicus
RNaseP_S.kluyveri
RNaseP_SL1-1
RNaseP_SL2D
RNaseP_SLC
RNaseP_S.liquefaciens
RNaseP_S.lividans
RNaseP_SM1
RNaseP_SM2
RNaseP_SM-A01
RNaseP_SM-A02
RNaseP_SM-A03
RNaseP_SM-A04
RNaseP_SM-A05
RNaseP_SM-A06
RNaseP_SM-A07
RNaseP_SM-A0911
RNaseP_SM-A1012
RNaseP_SM-A1113
RNaseP_SM-A1214
RNaseP_SM-A1315
RNaseP_SM-A1417
RNaseP_SM-A1519
RNaseP_SM-A1621
RNaseP_SM-A1726
RNaseP_SM-A1831
RNaseP_SM-A1932
RNaseP_SM-A2033
RNaseP_SM-A2135
RNaseP_SM-A2237
RNaseP_SM-A2539
RNaseP_SM-A2642
RNaseP_SM-A2743
RNaseP_SM-A2946
RNaseP_SM-A3048
RNaseP_SM-A3153
RNaseP_SM-A3254
RNaseP_SM-A3355
RNaseP_SM-A3761
RNaseP_SM-A3862
RNaseP_SM-A4065
RNaseP_SM-A4674
RNaseP_SM-A4775
RNaseP_SM-A4876
RNaseP_SM-A4977
RNaseP_SM-A5179
RNaseP_SM-A5382
RNaseP_SM-A5584
RNaseP_SM-A5888
RNaseP_SM-A6090
RNaseP_SM-A6296
RNaseP_S.malidevorans
RNaseP_S.marcescens
RNaseP_SMB-A3
RNaseP_SMB-A5
RNaseP_SMB-B1
RNaseP_SMB-B2
RNaseP_SMB-B3
RNaseP_SMB-B4
RNaseP_S.mutans
RNaseP_S.negevensis
RNaseP_S.octosporus
RNaseP_S.pastorianus
RNaseP_S.pneumoniae
RNaseP_S.polymorpha
RNaseP_S.pombe
RNaseP_S.putrefaciens
RNaseP_S.pyogenes
RNaseP_S.servazzii
RNaseP_S.shibatae
RNaseP_S.solfataricus-P2
RNaseP_S.solfataricus
RNaseP_S.typhimurium
RNaseP_S.typhi
RNaseP_S.unisporus
RNaseP_S.uvarum
RNaseP_S.versatilis
RNaseP_S.viridis-K185
RNaseP_S.viridis-K191
RNaseP_S.viridis-K197
RNaseP_S.viridis-K73T
RNaseP_Synechococcus-MINOS1
RNaseP_Synechococcus-PCC6717
RNaseP_Synechococcus-PCC7001
RNaseP_Synechococcus-PCC7003
RNaseP_Synechococcus-PCC7942
RNaseP_Synechocystis-PCC6308
RNaseP_Synechocystis-PCC6803
RNaseP_T.acidophilum
RNaseP_T.album
RNaseP_T.aquaticus
RNaseP_T.celerAL1-2
RNaseP_T.celerAL1
RNaseP_T.commune
RNaseP_T.delbrueckii
RNaseP_T.littoralis
RNaseP_T.luteus
RNaseP_T.maritima-g
RNaseP_T.maritima
RNaseP_T.neapolitana
RNaseP_TP1
RNaseP_T.pallidum
RNaseP_T.roseum
RNaseP_T.syrichta
RNaseP_T.thermophilus
RNaseP_T.thioparus
RNaseP_T.tumescens
RNaseP_T.volcanum
RNaseP_UK2
RNaseP_UK5
RNaseP_U.stanburiana
RNaseP_U.stansburiana
RNaseP_U.urealyticum
RNaseP_V.cholera
RNaseP_vHge2
RNaseP_vHge3-5
RNaseP_VSDW
RNaseP_V.spinosum
RNaseP_WA1
RNaseP_WB3
RNaseP_WC1
RNaseP_W.fluorescens
RNaseP_Wolbachia-sp
RNaseP_X.fastidiosa
RNaseP_Y.pestis
RNaseP_Z.bailii
RNaseP_Z.florentinus
RNaseP_Z.rouxii
