srp_Acin.baum._CP000521
srp_Acin.spec._CR543861
srp_Acti.succ._CP000746
srp_Aede.aegy._DW714804
srp_Aede.aegy._DW714815
srp_Aede.aegy._GSP-7159
srp_Aero.pern._BA000002
srp_Agro.tume._AE007869
srp_Agro.tume._AE007951
srp_Agro.tume._AE008984
srp_Ajel.caps._CV620298
srp_Alca.bork._AM286690
srp_Alka.meta._CP000724
srp_Anab.vari._CP000117
srp_Anae.sp.._CP000769
srp_Anap.marg._CP000030
srp_Anop.gamb._CD747410
srp_Anop.gamb._SDB-377271
srp_Anto.locu._GSP-278021
srp_Aply.cali._GSP-6500
srp_Aqui.aeol._AE000657
srp_Aqui.aeol._AE000759
srp_Arab.thal._AC005275
srp_Arab.thal._AC005311
srp_Arab.thal._AC005662
srp_Arab.thal._AF069442
srp_Arab.thal._AL161495
srp_Arab.thal._AL161496
srp_Arab.thal._X69901
srp_Arab.thal._X72228
srp_Arab.thal._X72229
srp_Arab.tha._X55111
srp_Arch.fulg._AE000782
srp_Arch.fulg._X17237
srp_Arth.aure._CP000474
srp_Arth.sp.._CP000454
srp_Asco.apis._GSP-392613
srp_Ashb.goss._AE016819
srp_Aspe.clav._GSP-344612
srp_Aspe.flav._GSP-332952
srp_Aspe.fumi._GSP-41122
srp_Aspe.nidu._GSP-227321
srp_Aspe.oryz._AP007169
srp_Aspe.terr._GSP-341663
srp_Azoa.spec._AM406670
srp_Azoa.spec._CR555306
srp_Babe.bige._GSP-5866
srp_Baci.alca._D11422
srp_Baci.amyl._CP000560
srp_Baci.amyl._D11416
srp_Baci.amyl._D13041
srp_Baci.anth._AE016879
srp_Baci.anth._AE017024
srp_Baci.anth._AE017225
srp_Baci.anth._AE017334
srp_Baci.brev._D14472
srp_Baci.cere._AE016877
srp_Baci.cere._AE016998
srp_Baci.cere._AE017194
srp_Baci.cere._AE017264
srp_Baci.cere._CP000001
srp_Baci.cere._CP000764
srp_Baci.cere._D11413
srp_Baci.circ._D11419
srp_Baci.clau._AP006627
srp_Baci.halo._BA000004
srp_Baci.lich._AE017333
srp_Baci.lich._CP000002
srp_Baci.mace._D11420
srp_Baci.mega._D11414
srp_Baci.poly._D11421
srp_Baci.pumi._D11415
srp_Baci.spha._D11418
srp_Baci.subt._D11417
srp_Baci.subt._D26185
srp_Baci.subt._X06802
srp_Baci.subt._X06803
srp_Baci.subt._X12642
srp_Baci.subt._X14796
srp_Baci.subt._Z99104
srp_Baci.thur._AE017355
srp_Baci.thur._CP000485
srp_Baci.thur._D11412
srp_Bart.hens._BX897699
srp_Bart.quin._BX897700
srp_Batr.dend._GSP-403673
srp_Bdel.bact._BX842656
srp_Bifi.adol._AP009256
srp_Bifi.long._AE014295
srp_Bifi.long._AX492782
srp_Bloc.flor._BX248583
srp_Bloc.flor._BX248585
srp_Bord.aviu._AM167904
srp_Bord.para._BX640426
srp_Bord.pert._BX640415
srp_Borr.afze._CP000395
srp_Borr.burg._AE000783
srp_Borr.burg._AE001151
srp_Borr.gari._CP000013
srp_Bos.taur._GSP-6282
srp_Brad.japo._BA000040
srp_Brad.spec._CP000494
srp_Brad.spec._CU234118
srp_Bran.flor._GSP-7739
srp_Bras.napu._EE400505
srp_Bras.napu._EE409827
srp_Bras.napu._EE410150
srp_Bras.napu._EE411027
srp_Bras.napu._EE411352
srp_Bras.napu._EE411418
srp_Bras.napu._EE412262
srp_Bras.napu._EE416381
srp_Bras.napu._EE416873
srp_Bras.napu._EE537348
srp_Bras.oler._GSP-109376
srp_Brev.brev._D12926
srp_Bruc.abor._AE017223
srp_Bruc.meli._AE009624
srp_Bruc.meli._AM040264
srp_Bruc.ovis._CP000708
srp_Bruc.suis._AE014291
srp_Brug.mala._GSP-6279
srp_Buch.aphi._AE013218
srp_Buch.aphi._AE014017
srp_Buch.aphi._AE014122
srp_Buch.aphi._AE016826
srp_Buch.aphi._BA000003
srp_Burk.ceno._CP000380
srp_Burk.ceno._CP000458
srp_Burk.cepa._CP000440
srp_Burk.mall._CP000010
srp_Burk.mall._CP000526
srp_Burk.mall._CP000546
srp_Burk.mall._CP000548
srp_Burk.pseu._CP000124
srp_Burk.pseu._CP000570
srp_Burk.pseu._CP000572
srp_Burk.spec._CP000151
srp_Caen.brig._AC084446
srp_Caen.eleg._AY948606
srp_Caen.eleg._AY948607
srp_Caen.eleg._AY948608
srp_Caen.eleg._U41993
srp_Caen.eleg._Z30973
srp_Caen.eleg._Z34533
srp_Caen.rema._GSP-31234
srp_Call.jacc._GSP-9483
srp_Camp.curv._CP000767
srp_Camp.jeju._AL111168
srp_Camp.jeju._AL139074
srp_Camp.jeju._CP000025
srp_Camp.jeju._CP000538
srp_Camp.jeju._CP000768
srp_Cand.albi._GSP-237561
srp_Cand.Bloc._CP000016
srp_Cand.dubl._GSP-42374
srp_Cand.glab._CR380957
srp_Cand.trop._GSP-294747
srp_Cani.spec._SDB-9616
srp_Carb.hydr._CP000141
srp_Caul.cres._AE005673
srp_Caul.cres._AE005700
srp_Caul.cres._U22036
srp_Caul.cres._U49738
srp_Chae.glob._GSP-306901
srp_Chla.abor._CR848038
srp_Chla.cavi._AE015925
srp_Chla.cavi._AE016995
srp_Chla.muri._AE002160
srp_Chla.muri._AE002321
srp_Chla.pneu._AE001363
srp_Chla.pneu._AE001624
srp_Chla.pneu._AE002161
srp_Chla.pneu._AE002198
srp_Chla.pneu._BA000008
srp_Chla.rein._SDB-3055
srp_Chla.rein._X71484
srp_Chla.trac._AE001298
srp_Chla.trac._CP000051
srp_Chlo.tepi._AE006470
srp_Chlo.vulg._AB001684
srp_Chro.sale._CP000285
srp_Chro.viol._AE016825
srp_Chro.viol._AE016918
srp_Cion.inte._BW088710
srp_Cion.inte._BW223536
srp_Cion.inte._BW230361
srp_Cion.inte._GSP-7719
srp_Cion.savi._BW520975
srp_Cion.savi._BW551179
srp_Citr.sine._CN181543
srp_Citr.sine._CN181544
srp_Clav.lusi._GSP-306902
srp_Clos.acet._AE001437
srp_Clos.acet._AE007525
srp_Clos.beij._CP000721
srp_Clos.botu._AM412317
srp_Clos.botu._CP000726
srp_Clos.botu._CP000727
srp_Clos.botu._CP000728
srp_Clos.diff._AM180355
srp_Clos.kluy._CP000673
srp_Clos.novy._CP000382
srp_Clos.perf._BA000016
srp_Clos.perf._CP000246
srp_Clos.perf._CP000312
srp_Clos.perf._D49784
srp_Clos.teta._AE015927
srp_Clos.teta._AE015936
srp_Clos.ther._CP000568
srp_Cocc.immi._GSP-396776
srp_Cocc.posa._GSP-222929
srp_Colw.psyc._CP000083
srp_Cory.diph._BX248354
srp_Cory.effi._BA000035
srp_Cory.glut._AP009044
srp_Cory.glut._BA000036
srp_Cory.glut._BX927148
srp_Cory.jeik._CR931997
srp_Coxi.burn._AE016828
srp_Coxi.burn._CP000733
srp_Cryp.homi._GSP-353151
srp_Cryp.parv._AA532232
srp_Cryp.parv._XM_626716
srp_Cyan.cald._AF022186
srp_Cyan.mero._AB002583
srp_Cyan.mero._AY286123
srp_Cypr.carp._CF662133
srp_Dani.reri._BX649540
srp_Dani.reri._CR854846
srp_Dani.reri._EH487580
srp_Dani.reri._EH513970
srp_Dani.rrer._BX469912
srp_Dani.rrer._BX470258
srp_Dani.rrer._CR925739
srp_Dani.rrer._CU179657
srp_Dasy.nove._GSP-9361
srp_Deba.hans._CR382138
srp_Dech.arom._CP000089
srp_Dein.geot._CP000359
srp_Dein.radi._AE000513
srp_Dein.radi._AE002056
srp_Desu.psyc._CR522870
srp_Desu.vulg._AE017285
srp_Desu.vulg._AE017311
srp_Desu.vulg._CP000527
srp_Dich.nodo._CP000513
srp_Dict.disc._AJ699381
srp_Dict.disc._BJ360333
srp_Dros.anan._CJ969290
srp_Dros.anan._GSP-7217
srp_Dros.erec._GSP-7220
srp_Dros.mela._AC002512
srp_Dros.mela._AC095014
srp_Dros.mela._AE001572
srp_Dros.mela._AE014297
srp_Dros.mela._X00952
srp_Dros.mela._X01056
srp_Dros.moja._GSP-7230
srp_Dros.simu._GSP-7240
srp_Dros.viri._GSP-7244
srp_Dros.will._GSP-7260
srp_Dros.yaku._GSP-7245
srp_Ehrl.cani._CP000107
srp_Eime.tene._CD666347
srp_Eime.tene._GSP-413949
srp_Ence.cuni._AL590449
srp_Enta.disp._GSP-370354
srp_Enta.hist._AF487684
srp_Enta.hist._BK005670
srp_Enta.inva._GSP-370355
srp_Enta.mosh._GSP-41668
srp_Enta.terr._GSP-110771
srp_Ente.faec._AE016830
srp_Ente.faec._AE016953
srp_Ente.faec._BD193435
srp_Ento.sulc._AF095839
srp_Erwi.caro._BX950851
srp_Esch.coli._AE005174
srp_Esch.coli._AE014075
srp_Esch.coli._AE016756
srp_Esch.coli._AP009048
srp_Esch.coli._BA000007
srp_Esch.coli._CP000243
srp_Esch.coli._CP000247
srp_Esch.coli._CP000468
srp_Esch.coli._U00096
srp_Esch.coli._U82664
srp_Esch.coli._X01074
srp_Ferr.acid._GSP-333146
srp_Ferv.nodo._CP000771
srp_Fran.alni._CT573213
srp_Fran.spec._CP000249
srp_Fran.tula._AJ749949
srp_Fran.tula._AM233362
srp_Fran.tula._AM286280
srp_Fran.tula._CP000437
srp_Fran.tula._CP000439
srp_Fran.tula._CP000608
srp_Fran.tula._CP000803
srp_Fugu.rubr._U40756
srp_Fuso.nucl._AE009951
srp_Gald.sulp._GSP-130081
srp_Gall.gall._AB073218
srp_Geob.kaus._BA000043
srp_Geob.meta._CP000148
srp_Geob.sulf._AE017180
srp_Geob.ther._CP000557
srp_Geob.uran._CP000698
srp_Giar.lamb._GSP-184922
srp_Gibb.moni._GSP-334819
srp_Gibb.zeae._GSP-229533
srp_Gloe.viol._BA000045
srp_Gluc.oxyd._CP000009
srp_Grac.tenu._AY673996
srp_Guil.thet._AF041468
srp_Gynu.aura._SDB-109565
srp_Haem.ducr._AE017143
srp_Haem.ducr._AE017154
srp_Haem.ducr._U32175
srp_Haem.infl._BD426631
srp_Haem.infl._CP000057
srp_Haem.infl._CP000671
srp_Haem.infl._CP000672
srp_Haem.infl._L42023
srp_Haem.infl._U32795
srp_Haem.somn._CP000436
srp_Hahe.chej._CP000155
srp_Halo.halo._CP000544
srp_Halo.halo._X01698
srp_Halo.mari._AY596297
srp_Halo.spec._AE004437
srp_Halo.volc._AF395888
srp_Heli.acin._AM260522
srp_Heli.annu._AJ828095
srp_Heli.exil._EE659686
srp_Heli.hepa._AE017125
srp_Heli.hepa._AE017149
srp_Heli.pylo._AE000511
srp_Heli.pylo._AE000524
srp_Heli.pylo._AE001439
srp_Heli.pylo._AE001441
srp_Heli.pylo._BD010626
srp_Heli.pylo._CP000241
srp_Hist.caps._GSP-278162
srp_Homo.sapi._AA559987
srp_Homo.sapi._AB061847
srp_Homo.sapi._AL139099
srp_Homo.sapi._AL627171
srp_Homo.sapi._BE083383
srp_Homo.sapi._BF875598
srp_Homo.sapi._BF908693
srp_Homo.sapi._BF908765
srp_Homo.sapi._BF908767
srp_Homo.sapi._BF909425
srp_Homo.sapi._BF909438
srp_Homo.sapi._BF909560
srp_Homo.sapi._BF909563
srp_Homo.sapi._BU566619
srp_Homo.sapi._BU566906
srp_Homo.sapi._CK004881
srp_Homo.sapi._M20910
srp_Homo.sapi._NR_002715
srp_Homo.sapi._X01037
srp_Homo.sapi._X02067
srp_Homo.sapi._X04249
srp_Humu.japo._X65990
srp_Humu.japo._X65991
srp_Humu.lupu._AJ236703
srp_Humu.lupu._AJ236705
srp_Humu.lupu._AJ236706
srp_Humu.lupu._X65983
srp_Humu.lupu._X65984
srp_Humu.lupu._X65985
srp_Hype.buty._CP000493
srp_Hypo.jeco._GSP-334564-2
srp_Idio.loih._AE017340
srp_Kine.radi._CP000750
srp_Kleb.pneu._CP000647
srp_Kluy.lact._CR382126
srp_Kluy.walt._AADM01000319
srp_Kluy.yarr._479647571
srp_Lact.acid._CP000033
srp_Lact.brev._CP000416
srp_Lact.case._CP000423
srp_Lact.delb._AF496545
srp_Lact.delb._CP000412
srp_Lact.delb._CR954253
srp_Lact.gass._CP000413
srp_Lact.john._AE017198
srp_Lact.john._AE017201
srp_Lact.john._AX926712
srp_Lact.lact._AE006305
srp_Lact.lact._AM406671
srp_Lact.lact._CP000425
srp_Lact.plan._AL935253
srp_Lact.sali._CP000233
srp_Legi.pneu._AE017354
srp_Legi.pneu._CP000675
srp_Legi.pneu._CR628336
srp_Legi.pneu._CR628337
srp_Legi.pneu._M31830
srp_Leif.xyli._AE016822
srp_Leis.aeth._AY722731
srp_Leis.aeth._AY722732
srp_Leis.braz._AM494942
srp_Leis.braz._AY722724
srp_Leis.braz._AY722725
srp_Leis.braz._AY722726
srp_Leis.braz._AY781790
srp_Leis.braz._AY781791
srp_Leis.braz._SDB-87235
srp_Leis.dono._AY722733
srp_Leis.dono._AY722734
srp_Leis.dono._AY722735
srp_Leis.dono._AY781793
srp_Leis.dono._AY781794
srp_Leis.dono._AY781795
srp_Leis.guya._AY722727
srp_Leis.guya._AY722728
srp_Leis.infa._AM502223
srp_Leis.infa._AY781792
srp_Leis.infa._SDB-5671
srp_Leis.majo._AY722713
srp_Leis.majo._AY722714
srp_Leis.majo._AY722715
srp_Leis.majo._SDB-347515
srp_Leis.trop._AY722722
srp_Leis.trop._AY722723
srp_Leis.trop._AY781789
srp_Lemu.catt._GSP-9447
srp_Lept.coll._AF006750
srp_List.inno._AL596173
srp_List.mono._AE017262
srp_List.mono._AE017331
srp_List.mono._AL591984
srp_List.mono._U15684
srp_List.wels._AM263198
srp_Lodd.elon._GSP-379508
srp_Lott.giga._GSP-225164
srp_Lotu.corn._AP006123
srp_Lotu.corn._AP006364
srp_Lotu.japo._BW598799
srp_Loxo.afri._GSP-9785
srp_Lyco.escu._X13958
srp_Lyco.escu._Z29099
srp_Lyco.escu._Z29100
srp_Lyco.escu._Z29101
srp_Lyco.escu._Z29103
srp_Lyco.escu._Z29104
srp_Lyco.escu._Z29105
srp_Lyco.escu._Z29106
srp_Lyco.escu._Z29107
srp_Lyco.escu._Z29109
srp_Lyco.escu._Z29110
srp_Lyco.escu._Z29111
srp_Lyco.escu._Z29112
srp_Lyco.escu._Z29260
srp_Lyco.escu._Z46744
srp_Lyco.escu._Z46745
srp_Lyco.escu._Z46746
srp_Maca.mula._GSP-9544
srp_Magn.magn._AP007255
srp_Mann.succ._AE016827
srp_Mari.aqua._CP000514
srp_Mari.mari._CP000449
srp_Medi.trun._AC136507-1
srp_Medi.trun._AC136507-2
srp_Medi.trun._AC136507
srp_Medi.trun._AC146941
srp_Medi.trun._AJ846712
srp_Medi.trun._BE941271
srp_Medi.trun._CT485797
srp_Medi.trun._CX540689
srp_Meso.flor._AE017263
srp_Meso.loti._BA000012
srp_Meso.viri._AF166114
srp_Meth.acet._AE010299
srp_Meth.acet._X17238
srp_Meth.bark._CP000099
srp_Meth.burt._CP000300
srp_Meth.caps._AE017282
srp_Meth.ferv._M32222
srp_Meth.ferv._S49762
srp_Meth.flag._CP000284
srp_Meth.jann._L77117
srp_Meth.kand._AE010387
srp_Meth.mari._BX957223
srp_Meth.mari._CP000609
srp_Meth.mari._CP000745
srp_Meth.maze._AE008384
srp_Meth.ther._AE000666
srp_Meth.ther._X15364
srp_Meth.vann._CP000742
srp_Meth.volt._M22560
srp_Micr.lyso._M31831
srp_Mono.brev._GSP-81824
srp_Mono.dome._GSP-13616
srp_Moor.ther._CP000232
srp_Mus.musc._AC099934
srp_Mus.musc._AC126244
srp_Mus.musc._AC157822
srp_Mus.musc._DQ285765
srp_Myco.aviu._AE016958
srp_Myco.aviu._AE017228
srp_Myco.aviu._CP000479
srp_Myco.bovi._BX248347
srp_Myco.capr._CP000123
srp_Myco.capr._D00560
srp_Myco.capr._S67588
srp_Myco.gall._AE015450
srp_Myco.gall._AE016968
srp_Myco.geni._BD439871
srp_Myco.geni._L43967
srp_Myco.geni._U39706
srp_Myco.hyop._AE017243
srp_Myco.hyop._AE017244
srp_Myco.hyop._AE017332
srp_Myco.lepr._AL023596
srp_Myco.lepr._AL583925
srp_Myco.mobi._AE017308
srp_Myco.myco._BX293980
srp_Myco.myco._BX842642
srp_Myco.myco._X53678
srp_Myco.pene._BA000026
srp_Myco.pneu._AE000044
srp_Myco.pneu._S76009
srp_Myco.pneu._U00089
srp_Myco.pulm._AL445565
srp_Myco.pulm._U06833
srp_Myco.smeg._CP000480
srp_Myco.spec._CP000384
srp_Myco.spec._CP000518
srp_Myco.spec._CP000580
srp_Myco.syno._AE017245
srp_Myco.tube._AE000516
srp_Myco.vanb._CP000511
srp_Nect.haem._GSP-71109
srp_Neis.gono._AE004969
srp_Neis.gono._AF482014
srp_Neis.gono._DD110233
srp_Neis.meni._AE002098
srp_Neis.meni._AL157959
srp_Neis.meni._AL162755
srp_Neis.meni._AM421808
srp_Neis.meni._DD001104
srp_Nema.vect._GSP-45351
srp_Neos.fisc._GSP-331117
srp_Neph.oliv._AF137379
srp_Neur.cras._AL669999
srp_Nitr.euro._AL954747
srp_Nitr.euro._BX321857
srp_Nitr.eutr._CP000450
srp_Nitr.hamb._CP000319
srp_Nitr.mult._CP000103
srp_Nitr.wino._CP000115
srp_Noca.farc._AP006618
srp_Nost.spec._BA000019
srp_Novo.arom._CP000248
srp_Ocea.ihey._BA000028
srp_Ochr.anth._CP000758
srp_Odon.sine._Z67753
srp_Onch.volv._AI249203
srp_Onch.volv._BF727619
srp_Onch.volv._GSP-6282
srp_Orni.anat._GSP-9258
srp_Oryc.cuni._AB021174
srp_Oryz.sati._AC079888
srp_Oryz.sati._AP003253
srp_Oryz.sati._AP003333
srp_Oryz.sati._AP008207
srp_Oxyt.trif._GSP-99928
srp_Pan.trog._GSP-37010
srp_Para.bras._CN238860
srp_Para.bras._CN239248
srp_Para.bras._CN240152
srp_Para.bras._CN240538
srp_Para.bras._CN241137
srp_Para.bras._CN241909
srp_Para.bras._EH652573
srp_Para.bras._EH655308
srp_Para.bras._GSP-121759
srp_Para.deni._CP000489
srp_Para.symb._BX908798
srp_Past.mult._AE006092
srp_Pedi.pent._CP000422
srp_Perk.mari._GSP-31276
srp_Pers.amer._X65992
srp_Phae.nodo._GSP-321614
srp_Phak.meib._GSP-169999
srp_Phak.pach._GSP-170000-1
srp_Phak.pach._GSP-170000-2
srp_Phot.lumi._BX571872
srp_Phot.prof._CR378666
srp_Phyt.infe._CV911012
srp_Phyt.infe._CV919934
srp_Phyt.ramo._GSP-164328
srp_Phyt.soja._GSP-67593
srp_Pich.guil._GSP-294746
srp_Pich.stip._CP000502
srp_Picr.torr._AE017261
srp_Plas.berg._DC223490
srp_Plas.berg._DC223613
srp_Plas.berg._GSP-5823
srp_Plas.chab._GSP-31271
srp_Plas.falc._AE014819
srp_Plas.falc._EF690554
srp_Plas.gall._GSP-5849
srp_Plas.know._GSP-5851
srp_Plas.reic._GSP-5854
srp_Plas.viva._GSP-31273
srp_Plas.yoel._GSP-352914
srp_Podo.anse._GSP-5145
srp_Popu.bals._GSP-73824
srp_Popu.trem._BU866844
srp_Popu.trem._DN489028
srp_Popu.trem._DN498769
srp_Porp.purp._U38804
srp_Porp.yezo._AP006715
srp_Pris.paci._GSP-54126
srp_Proc.mari._AE017126
srp_Proc.mari._AE017165
srp_Proc.mari._AJ237851
srp_Proc.mari._BX572093
srp_Proc.mari._BX572096
srp_Proc.mari._CP000111
srp_Proc.mari._CP000551
srp_Proc.mari._CP000552
srp_Proc.mari._CP000554
srp_Proc.mari._CP000576
srp_Proc.spec._AJ011025
srp_Prop.acne._AE017283
srp_Prun.arme._CB819242
srp_Prun.arme._CV045835
srp_Pseu.aeru._AE004091
srp_Pseu.aeru._AE004581
srp_Pseu.aeru._CP000438
srp_Pseu.aeru._CP000744
srp_Pseu.aeru._M31829
srp_Pseu.aeru._X12644
srp_Pseu.aeru._X14404
srp_Pseu.ento._CT573326
srp_Pseu.fluo._CP000076
srp_Pseu.fluo._CP000094
srp_Pseu.halo._CR954246
srp_Pseu.mend._CP000680
srp_Pseu.puti._AE015451
srp_Pseu.puti._AE016790
srp_Pseu.puti._CP000712
srp_Pseu.stut._CP000304
srp_Pseu.syri._AE016853
srp_Pseu.syri._CP000058
srp_Pseu.syri._CP000075
srp_Psyc.arct._CP000082
srp_Psyc.cryo._CP000323
srp_Psyc.ingr._CP000510
srp_Psyc.sp.._CP000713
srp_Pyro.abys._AJ248283
srp_Pyro.aero._AE009852
srp_Pyro.arse._CP000660
srp_Pyro.cali._CP000561
srp_Pyro.furi._AE010126
srp_Pyro.hori._BA000001
srp_Pyro.isla._CP000504
srp_Pyro.occu._M21085
srp_Rals.eutr._AM260479
srp_Rals.eutr._CP000090
srp_Rals.meta._CP000352
srp_Rals.sola._AL646052
srp_Rals.sola._AL646063
srp_Ratt.norv._AA923995
srp_Ratt.norv._AC091616
srp_Rhiz.etli._CP000133
srp_Rhiz.legu._AM236080
srp_Rhod.balt._BX294144
srp_Rhod.palu._BX572594
srp_Rhod.palu._CP000250
srp_Rhod.palu._CP000283
srp_Rhod.palu._CP000301
srp_Rhod.palu._CP000463
srp_Rhod.rubr._CP000230
srp_Rhod.spec._CP000431
srp_Rhod.spha._CP000143
srp_Rhod.spha._CP000577
srp_Rhod.spha._CP000661
srp_Rick.cono._AE008680
srp_Rick.feli._CP000053
srp_Rick.prow._AJ235273
srp_Rick.typh._AE017197
srp_Sacc.baya._AJ550801
srp_Sacc.baya._BN000171
srp_Sacc.baya._BN000250
srp_Sacc.cast._AJ550804
srp_Sacc.cere._M28116
srp_Sacc.cere._U18916
srp_Sacc.cere._U18917
srp_Sacc.cere._X17308
srp_Sacc.degr._CP000282
srp_Sacc.eryt._AM420293
srp_Sacc.kluy._AJ550805
srp_Sacc.kluy._SKAA0027M04.b1
srp_Sacc.kudr._AJ550803
srp_Sacc.mika._AJ550802
srp_Sacc.mika._BN000249
srp_Sacc.para._BN000251
srp_Sali.trop._CP000667
srp_Salm.ente._AE014613
srp_Salm.ente._AE016842
srp_Salm.ente._AE017220
srp_Salm.ente._AL627266
srp_Salm.ente._CP000026
srp_Salm.typh._AE008717
srp_Schi.japo._GSP-402676
srp_Schi.mans._GSP-6183
srp_Schi.pomb._M20264
srp_Schi.pomb._M20836
srp_Schi.pomb._X15220
srp_Schi.pomb._Z99259
srp_Schm.medi._GSP-79327
srp_Scle.scle._GSP-325569
srp_Sene.crue._SDB-189209
srp_Shew.balt._CP000563
srp_Shew.balt._CP000753
srp_Shew.deni._CP000302
srp_Shew.loih._CP000606
srp_Shew.onei._AE014299
srp_Shew.onei._AE015625
srp_Shew.putr._CP000681
srp_Shew.spec._CP000444
srp_Shew.spec._CP000446
srp_Shew.spec._CP000469
srp_Shew.spec._CP000503
srp_Shig.flex._AE005674
srp_Shig.flex._AE014073
srp_Shig.flex._AE016979
srp_Shig.flex._CP000266
srp_Sili.pome._CP000031
srp_Sili.spec._CP000377
srp_Sino.medi._CP000738
srp_Sino.meli._AL591782
srp_Soda.glos._AP008232
srp_Sola.tube._DR037645
srp_Sola.tube._DR037646
srp_Sorg.bico._BE594178
srp_Sphi.alas._CP000356
srp_Sphi.witt._CP000699
srp_Spra.loph._GSP-51541
srp_Stap.aure._AC025951
srp_Stap.aure._AF368293
srp_Stap.aure._AP009351
srp_Stap.aure._BA000017
srp_Stap.aure._BA000018
srp_Stap.aure._BA000033
srp_Stap.aure._BX571856
srp_Stap.aure._BX571857
srp_Stap.aure._CP000046
srp_Stap.aure._CP000253
srp_Stap.aure._CP000255
srp_Stap.aure._CP000703
srp_Stap.aure._CP000736
srp_Stap.aure._E36052
srp_Stap.epid._AE015929
srp_Stap.epid._AE016751
srp_Stap.epid._AF269814
srp_Stap.epid._AF269831
srp_Stap.epid._AX145149
srp_Stap.epid._CP000029
srp_Stap.haem._AP006716
srp_Stap.sapr._AP008934
srp_Stre.agal._AE014209
srp_Stre.agal._AL766845
srp_Stre.agal._CP000114
srp_Stre.aver._BA000030
srp_Stre.coel._AL939118
srp_Stre.dysg._AJ489606
srp_Stre.livi._AY081854
srp_Stre.muta._AE014133
srp_Stre.muta._AE014879
srp_Stre.muta._AF132127
srp_Stre.pneu._AE005672
srp_Stre.pneu._AE007319
srp_Stre.pneu._AE008386
srp_Stre.pneu._CP000410
srp_Stre.pyog._AE004092
srp_Stre.pyog._AE006489
srp_Stre.pyog._AE009969
srp_Stre.pyog._AE014139
srp_Stre.pyog._AM295007
srp_Stre.pyog._BA000034
srp_Stre.pyog._CP000003
srp_Stre.pyog._CP000017
srp_Stre.pyog._CP000056
srp_Stre.pyog._CP000259
srp_Stre.pyog._CP000260
srp_Stre.pyog._CP000261
srp_Stre.pyog._CP000262
srp_Stre.sang._CP000387
srp_Stre.suis._CP000407
srp_Stre.suis._CP000408
srp_Stre.ther._CP000024
srp_Stro.purp._GSP-7668
srp_Sulf.acid._CP000077
srp_Sulf.solf._X17239
srp_Sulf.solf._Y08257
srp_Sulf.toko._BA000023
srp_Sus.scro._BP459377
srp_Symb.ther._AP006840
srp_Syne.elon._AP008231
srp_Syne.spec._BA000022
srp_Syne.spec._BX569693
srp_Syne.spec._CP000097
srp_Synt.fuma._CP000478
srp_Synt.wolf._CP000448
srp_Taen.gutt._CK235759
srp_Tetr.nigr._GSP-99883
srp_Tetr.rost._SDB-5909
srp_Tetr.ther._X56981
srp_Thal.pseu._EF067921
srp_Thal.pseu._GSP-296543
srp_Thei.annu._NW_001091934
srp_Thei.parv._GSP-333668
srp_Ther.acid._AL445063
srp_Ther.cele._X17240
srp_Ther.elon._BA000039
srp_Ther.fusc._CP000088
srp_Ther.koda._AP006878
srp_Ther.mari._AE000512
srp_Ther.mela._CP000716
srp_Ther.petr._CP000702
srp_Ther.teng._AE012978
srp_Ther.ther._AE017221
srp_Ther.ther._AE017306
srp_Ther.ther._AP008226
srp_Ther.ther._X12643
srp_Ther.volc._BA000011
srp_Thio.deni._CP000116
srp_Toxo.gond._CO743022
srp_Toxo.gond._GSP-398031
srp_Trep.dent._AE017226
srp_Trep.dent._AE017246
srp_Trep.pall._AE000520
srp_Trep.pall._AE001187
srp_Tric.eryt._CP000393
srp_Tric.rees._GSP-334564-1
srp_Tric.spir._GSP-6334
srp_Tric.vagi._GSP-5722-1
srp_Tric.vagi._GSP-5722-2
srp_Trit.aest._BE424647
srp_Trit.aest._BQ167677
srp_Trit.aest._CA626434
srp_Trit.aest._CA694528
srp_Trit.aest._CA718249
srp_Trit.aest._CD897082
srp_Trit.aest._CJ572413
srp_Trit.aest._CJ679223
srp_Trit.aest._X13915
srp_Trop.whip._AE014184
srp_Trop.whip._AE016852
srp_Trop.whip._BX251412
srp_Tryp.bruc._AC159431
srp_Tryp.bruc._AF047723
srp_Tryp.bruc._M80262
srp_Tryp.bruc._S56681
srp_Tryp.bruc._X57047
srp_Tryp.cong._SDB-5692
srp_Tryp.viva._SDB-5699
srp_Unci.rees._GSP-336963
srp_Urea.parv._AE002112
srp_Vibr.chol._AE003852
srp_Vibr.chol._AE004188
srp_Vibr.chol._CP000627
srp_Vibr.fisc._CP000020
srp_Vibr.harv._CP000789
srp_Vibr.para._BA000031
srp_Vibr.vuln._AE016795
srp_Vibr.vuln._AE016807
srp_Vibr.vuln._BA000037
srp_Volv.cart._GSP-51971-1
srp_Volv.cart._GSP-51971-2
srp_Wigg.glos._BA000021
srp_Wolb.endo._AB080664
srp_Wolb.endo._AE017196
srp_Wolb.endo._AE017259
srp_Wolb.endo._AE017321
srp_Woli.succ._BX571662
srp_Xant.axon._AE011739
srp_Xant.camp._AE012197
srp_Xant.camp._AM039952
srp_Xant.camp._CP000050
srp_Xant.camp._DQ256493
srp_Xant.oryz._AE013598
srp_Xant.oryz._AP008229
srp_Xeno.laev._X01055
srp_Xyle.fast._AE003849
srp_Xyle.fast._AE003940
srp_Xyle.fast._AE009442
srp_Xyle.fast._AE012554
srp_Yarr.lipo._CR382127
srp_Yarr.lipo._CR382130
srp_Yarr.lipo._M20837
srp_Yarr.lipo._X51658
srp_Yers.ente._AM286415
srp_Yers.pest._AE009952
srp_Yers.pest._AE017042
srp_Yers.pest._AE017129
srp_Yers.pest._AJ414155
srp_Yers.pest._AL590842
srp_Yers.pest._CP000305
srp_Yers.pest._CP000308
srp_Yers.pest._CP000668
srp_Yers.pseu._BX936398
srp_Yers.pseu._CP000720
srp_Zea.mays._AY108846
srp_Zea.mays._CB179518
srp_Zea.mays._CF602412
srp_Zea.mays._CF919998
srp_Zea.mays._CF974802
srp_Zea.mays._CK327537
srp_Zea.mays._CK700970
srp_Zea.mays._X14661
srp_Zygo.roux._AJ564197
srp_Zygo.roux._BN000170
srp_Zymo.mobi._AE008692
srp_Zymo.mobi._AF203881
