tmRNA_Acid.caps._TRW-240015_1-352
tmRNA_Acid.ferr._TRW-133824_1-364
tmRNA_Acid.ferr._TRW-243159_1-364
tmRNA_Acid.ferr._TRW-920_1-341
tmRNA_Acin.spec._CR543861_1-360
tmRNA_Acti.acti._TRW-272556_1-366
tmRNA_Acti.naes._TRW-240017_1-371
tmRNA_Acti.pleu._TRW-228399_1-366
tmRNA_Acti.pleu._TRW-44294_1-366
tmRNA_Acti.succ._TRW-339671_1-367
tmRNA_Aero.hydr._AY442269_1-360
tmRNA_Aero.hydr._CP000462_1-360
tmRNA_Alka.meta._TRW-293826_1-355
tmRNA_Anab.vari._CP000117_1-390
tmRNA_Aqui.aeol._AE000749_1-344
tmRNA_Aqui.aeol._TRW-63363_1-347
tmRNA_Arth.spec._CP000454_1-369
tmRNA_Aste.yell._CP000061_1-426
tmRNA_Aste.yell._TRW-322098_1-426
tmRNA_Azoa.spec._TRW-62928_1-378
tmRNA_Azot.vine._TRW-354_1-352
tmRNA_Baci.anth._AE016879_1-355
tmRNA_Baci.cere._AE017194_1-355
tmRNA_Baci.cere._TRW-226900_1-355
tmRNA_Baci.cere._TRW-288681_1-355
tmRNA_Baci.clau._AP006627_1-355
tmRNA_Baci.G._TRW-12333_1-312
tmRNA_Baci.halo._BA000004_1-361
tmRNA_Baci.lich._CP000002_1-356
tmRNA_Baci.subt._TRW-1423_1-363
tmRNA_Baci.subt._Z99121_1-360
tmRNA_Baci.thur._AE017355_1-355
tmRNA_Bact.frag._CR626927_1-398
tmRNA_Bact.frag._TRW-817_1-398
tmRNA_Bact.mari._TRW-97084_1-385
tmRNA_Bact.thet._AE015928_1-397
tmRNA_Bdel.bact._BX842656_1-346
tmRNA_Bifi.long._TRW-205913_1-397
tmRNA_Bifi.long._TRW-206672_1-397
tmRNA_Bloc.flor._BX248583_1-393
tmRNA_Bloc.penn._CP000016_1-392
tmRNA_Bord.aviu._AM167904_1-406
tmRNA_Bord.bron._TRW-257310_1-387
tmRNA_Bord.para._TRW-257311_1-387
tmRNA_Bord.pert._TRW-257313_1-387
tmRNA_Borr.burg._AE001118_1-359
tmRNA_Borr.burg._TRW-224326_1-362
tmRNA_Borr.gari._CP000013_1-363
tmRNA_Brev.line._TRW-321955_1-377
tmRNA_Buch.aphi._AE013218_1-376
tmRNA_Buch.aphi._AE016826_1-367
tmRNA_Buch.aphi._BD061520_1-369
tmRNA_Burk.ceno._CP000378_1-370
tmRNA_Burk.ceno._TRW-216591_1-370
tmRNA_Burk.fung._TRW-266265_1-370
tmRNA_Burk.mall._CP000010_1-370
tmRNA_Burk.pseu._TRW-28450_1-370
tmRNA_Burk.spec._CP000151_1-370
tmRNA_Burk.thai._CP000086_1-370
tmRNA_Burk.viet._TRW-269482_1-370
tmRNA_Burk.xeno._CP000270_1-370
tmRNA_Cald.sacc._TRW-351627_1-368
tmRNA_Camp.coli._AL111168_1-359
tmRNA_Camp.coli._TRW-306254_1-359
tmRNA_Camp.fetu._AY211269_1-361
tmRNA_Camp.jeju._AL139078_1-356
tmRNA_Camp.jeju._AX048472_1-359
tmRNA_Camp.jeju._CP000025_1-359
tmRNA_Camp.lari._TRW-306263_1-359
tmRNA_Camp.upsa._TRW-306264_1-359
tmRNA_Carb.hydr._CP000141_1-359
tmRNA_Carn.malt._AF275938_1-366
tmRNA_Chla.abor._CR848038_1-425
tmRNA_Chla.cavi._AE015925_1-425
tmRNA_Chla.muri._AE002296_1-418
tmRNA_Chla.muri._TRW-83560_1-421
tmRNA_Chla.pneu._AE002224_1-423
tmRNA_Chla.pneu._TRW-83558_1-426
tmRNA_Chla.trac._AE001276_1-417
tmRNA_Chla.trac._TRW-272561_1-420
tmRNA_Chla.trac._TRW-813-1_1-420
tmRNA_Chla.trac._TRW-813-2_1-420
tmRNA_Chlo.aura._AY040836_1-361
tmRNA_Chlo.chlo._CP000108_1-401
tmRNA_Chlo.tepi._TRW-194439_1-404
tmRNA_Chro.sale._CP000285_1-380
tmRNA_Chro.viol._AE016825_1-365
tmRNA_Citr.rode._TRW-67825_1-365
tmRNA_Clav.mich._TRW-31964_1-376
tmRNA_Clos.acet._AE001437_1-359
tmRNA_Clos.acet._AE007587_1-356
tmRNA_Clos.botu._TRW-36826_1-355
tmRNA_Clos.diff._AM180355_1-350
tmRNA_Clos.diff._TRW-367459_1-350
tmRNA_Clos.perf._AP003190_1-358
tmRNA_Clos.perf._CP000246_1-361
tmRNA_Clos.perf._CP000312_1-361
tmRNA_Clos.perf._TRW-195102_1-361
tmRNA_Clos.teta._AE015927_1-355
tmRNA_Clos.ther._TRW-203119_1-387
tmRNA_Colw.psyc._CP000083_1-350
tmRNA_Copr.prot._TRW-351627_1-353
tmRNA_Cory.diph._BX248356_1-385
tmRNA_Cory.effi._BA000035_1-376
tmRNA_Cory.glut._BX927150_1-377
tmRNA_Coxi.burn._AE016828_1-360
tmRNA_Croc.wats._TRW-165597_1-386
tmRNA_Cyan.cald._AF022186_1-254
tmRNA_Cyan.mero._AY286123_1-236
tmRNA_Cyan.mero._TRW-45157_1-236
tmRNA_Cyan.para._TRW-2762_1-294
tmRNA_Cyan.para._U30821_1-291
tmRNA_Cyto.hutc._CP000383_1-404
tmRNA_Deha.ethe._CP000027_1-352
tmRNA_Dein.geot._CP000359_1-348
tmRNA_Dein.radi._AE001939_1-346
tmRNA_Dein.radi._TRW-243230_1-349
tmRNA_Desu.acet._TRW-281689_1-353
tmRNA_Desu.desu._CP000112_1-360
tmRNA_Desu.psyc._CR522870_1-366
tmRNA_Desu.vulg._AE017285_1-352
tmRNA_Dich.nodo._TRW-35819_1-352
tmRNA_Dict.ther._TRW-14_1-350
tmRNA_Emil.huxl._AY741371_1-291
tmRNA_Emil.huxl._TRW-280463_1-291
tmRNA_Ente.faec._BD193796_1-367
tmRNA_Ente.faec._TRW-1352_1-367
tmRNA_Ente.saka._TRW-28141_1-364
tmRNA_envi.sequ._TRW-204433_1-356
tmRNA_envi.sequ._TRW-2-1_1-365
tmRNA_envi.sequ._TRW-2-2_1-356
tmRNA_envi.sequ._TRW-259291_1-355
tmRNA_envi.sequ._TRW-259292_1-355
tmRNA_envi.sequ._TRW-300695-2_1-345
tmRNA_envi.sequ._TRW-32045-1_1-355
tmRNA_envi.sequ._TRW-32045-2_1-345
tmRNA_envi.sequ._TRW-32045-3_1-350
tmRNA_envi.sequ._TRW-351057-3_1-355
tmRNA_envi.sequ._TRW-356-1_1-289
tmRNA_envi.sequ._TRW-363179_1-348
tmRNA_Erwi.amyl._TRW-552_1-381
tmRNA_Erwi.caro._BX950851_1-363
tmRNA_Erwi.chry._TRW-198628_1-381
tmRNA_Esch.coli._AE005491_1-363
tmRNA_Esch.coli._AP009048_1-363
tmRNA_Esch.coli._BA000007_1-363
tmRNA_Esch.coli._CP000243_1-363
tmRNA_Esch.coli._CP000247_1-363
tmRNA_Esch.coli._CP000468_1-363
tmRNA_Esch.coli._D12501_1-363
tmRNA_Esch.coli._D90888_1-363
tmRNA_Esch.coli._TRW-331111_1-363
tmRNA_Esch.coli._U00096_1-363
tmRNA_Esch.coli._U36840_1-363
tmRNA_Exig.sibi._TRW-262543_1-359
tmRNA_Fibr.succ._TRW-59374_1-361
tmRNA_Fran.spec._CP000249_1-374
tmRNA_Fran.spec._TRW-298653_1-375
tmRNA_Fran.tula._AJ749949_1-421
tmRNA_Fran.tula._AM233362_1-421
tmRNA_Fran.tula._AM286280_1-421
tmRNA_Fran.tula._CP000437_1-421
tmRNA_Fuso.nucl._AE009951_1-344
tmRNA_Fuso.nucl._AE010567_1-341
tmRNA_Fuso.nucl._TRW-209882_1-344
tmRNA_Fuso.nucl._TRW-393480_1-344
tmRNA_Gemm.obsc._TRW-214688_1-412
tmRNA_Geob.kaus._BA000043_1-352
tmRNA_Geob.meta._CP000148_1-356
tmRNA_Geob.stea._TRW-1422_1-352
tmRNA_Geob.sulf._AE017180_1-356
tmRNA_Grac.tenu._AY673996_1-396
tmRNA_Guil.thet._AF041468_1-327
tmRNA_Guil.thet._TRW-55529_1-330
tmRNA_Haem.ducr._AE017143_1-367
tmRNA_Haem.infl._AY599475_1-366
tmRNA_Haem.infl._CP000057_1-366
tmRNA_Haem.infl._L42023_1-366
tmRNA_Haem.infl._TRW-262727_1-366
tmRNA_Haem.infl._TRW-262728_1-366
tmRNA_Haem.infl._U32808_1-366
tmRNA_Haem.somn._CP000436_1-367
tmRNA_Heli.hepa._AE017125_1-369
tmRNA_Heli.must._DQ250625_1-366
tmRNA_Heli.pylo._AE000511_1-386
tmRNA_Heli.pylo._AE000590_1-383
tmRNA_Heli.pylo._AE001503_1-383
tmRNA_Heli.pylo._TRW-85962_1-386
tmRNA_Heli.pylo._TRW-85963_1-386
tmRNA_Idio.loih._AE017340_1-359
tmRNA_Jako.libe._TRW-143017_1-102
tmRNA_Kine.radi._TRW-266940_1-366
tmRNA_Kleb.pneu._TRW-272620_1-363
tmRNA_Lact.acid._CP000033_1-369
tmRNA_Lact.brev._CP000416_1-372
tmRNA_Lact.case._CP000423_1-364
tmRNA_Lact.delb._AF440335_1-316
tmRNA_Lact.delb._TRW-321956_1-362
tmRNA_Lact.gass._CP000413_1-366
tmRNA_Lact.gass._TRW-1596_1-366
tmRNA_Lact.john._TRW-257314_1-367
tmRNA_Lact.lact._AE006373_1-359
tmRNA_Lact.lact._AF176556_1-359
tmRNA_Lact.plan._AL935259_1-372
tmRNA_Lact.sake._AF400065_1-370
tmRNA_Lact.sake._TRW-314315_1-370
tmRNA_Laws.intr._AM180252_1-376
tmRNA_Legi.pneu._CR628337_1-406
tmRNA_Leif.xyli._AE016822_1-394
tmRNA_Lept.inte._AE016823_1-350
tmRNA_Lept.spec._TRW-261385_1-359
tmRNA_Lept.spec._TRW-261386_1-359
tmRNA_Leuc.mese._AF375574_1-307
tmRNA_Leuc.mese._CP000414_1-358
tmRNA_Leuc.mese._TRW-1245_1-358
tmRNA_List.gray._AF440336_1-321
tmRNA_List.inno._TRW-1642-1_1-370
tmRNA_List.inno._TRW-1642-2_1-370
tmRNA_List.ivan._AF440342_1-321
tmRNA_List.mono._AL591983_1-370
tmRNA_List.mono._TRW-1639-1_1-370
tmRNA_List.mono._TRW-169963_1-370
tmRNA_List.seel._AF440350_1-321
tmRNA_List.wels._AF440351_1-321
tmRNA_Magn.spec._CP000471_1-366
tmRNA_Mann.haem._TRW-272629_1-367
tmRNA_Mann.succ._AE016827_1-367
tmRNA_Mari.aqua._TRW-351348_1-366
tmRNA_Meso.flor._AE017263_1-408
tmRNA_Meso.viri._AF166114_1-359
tmRNA_Meth.caps._AE017282_1-356
tmRNA_Meth.flag._CP000284_1-361
tmRNA_Moor.ther._CP000232_1-358
tmRNA_Mora.cata._AX067460_1-359
tmRNA_Myco.afri._TRW-33894_1-368
tmRNA_Myco.arth._TRW-243272_1-394
tmRNA_Myco.aviu._AE016958_1-368
tmRNA_Myco.aviu._TRW-243243_1-368
tmRNA_Myco.bovi._TRW-1765_1-368
tmRNA_Myco.Bxz1._AY129337_1-437
tmRNA_Myco.capr._D13067_1-411
tmRNA_Myco.capr._S67602_1-408
tmRNA_Myco.gall._AE015450_1-408
tmRNA_Myco.geni._TRW-243273_1-388
tmRNA_Myco.geni._U39713_1-385
tmRNA_Myco.hyop._TRW-262719_1-433
tmRNA_Myco.hyop._TRW-295358_1-424
tmRNA_Myco.lepr._AL583919_1-366
tmRNA_Myco.lepr._TRW-272631_1-369
tmRNA_Myco.mari._TRW-1781-1_1-368
tmRNA_Myco.micr._TRW-1806-1_1-368
tmRNA_Myco.mobi._TRW-267748_1-376
tmRNA_Myco.myco._BX842642_1-411
tmRNA_Myco.pene._BA000026_1-405
tmRNA_Myco.pneu._AE000035_1-384
tmRNA_Myco.pulm._AL445565_1-387
tmRNA_Myco.smeg._CP000480_1-369
tmRNA_Myco.tube._TRW-164513_1-368
tmRNA_Myco.tube._TRW-1773_1-368
tmRNA_Myxo.xant._TRW-34_1-366
tmRNA_Neis.gono._TRW-242231_1-363
tmRNA_Neis.lact._TRW-486_1-362
tmRNA_Neis.meni._AE002452_1-360
tmRNA_Neis.meni._AL162755_1-360
tmRNA_Neis.meni._TRW-122586_1-363
tmRNA_Neis.meni._TRW-122587_1-363
tmRNA_Neis.meni._TRW-272831_1-363
tmRNA_Neph.oliv._AF137379-1_1-327
tmRNA_Neph.oliv._AF137379-2_1-327
tmRNA_Nitr.euro._BX321865_1-360
tmRNA_Nitr.mult._CP000103_1-362
tmRNA_Nitr.ocea._CP000127_1-361
tmRNA_Noca.farc._AP006618_1-368
tmRNA_Nost.punc._TRW-63737_1-390
tmRNA_Nost.spec._BA000019_1-390
tmRNA_Ocea.ihey._BA000028_1-364
tmRNA_Odon.sine._TRW-2839_1-371
tmRNA_Odon.sine._Z67753_1-368
tmRNA_Oeno.oeni._TRW-203123_1-350
tmRNA_Onio.yell._AP006628_1-423
tmRNA_Paen.larv._TRW-1464_1-367
tmRNA_Pant.stew._TRW-66269_1-363
tmRNA_Para.symb._BX908798_1-405
tmRNA_Past.mult._AE006115_1-367
tmRNA_Pedi.pent._CP000422_1-369
tmRNA_Pelo.carb._CP000142_1-358
tmRNA_Phot.asym._TRW-291112_1-364
tmRNA_Phot.lumi._BX571870_1-364
tmRNA_Phot.prof._CR378665_1-368
tmRNA_Pola.spec._CP000316_1-387
tmRNA_Porp.ging._TRW-242619_1-407
tmRNA_Porp.purp._TRW-2787_1-323
tmRNA_Prev.inte._TRW-246198_1-400
tmRNA_Prev.rumi._TRW-264731_1-401
tmRNA_Prop.acne._AE017283_1-371
tmRNA_Prop.acne._TRW-1747-1_1-371
tmRNA_Prop.acne._TRW-1747-2_1-353
tmRNA_Prop.acne._TRW-1747-3_1-353
tmRNA_Prot.mira._TRW-584_1-367
tmRNA_Pseu.aeru._AE004091_1-353
tmRNA_Pseu.aeru._CP000438_1-353
tmRNA_Pseu.atla._CP000388_1-357
tmRNA_Pseu.ento._CT573326_1-392
tmRNA_Pseu.fluo._CP000076_1-394
tmRNA_Pseu.fluo._CP000094_1-390
tmRNA_Pseu.fluo._TRW-216595_1-397
tmRNA_Pseu.halo._CR954246_1-357
tmRNA_Pseu.puti._AE015451_1-399
tmRNA_Pseu.syri._AE016853_1-388
tmRNA_Pseu.syri._CP000058_1-388
tmRNA_Pseu.syri._CP000075_1-392
tmRNA_Psyc.arct._CP000082_1-359
tmRNA_Psyc.cryo._CP000323_1-359
tmRNA_Rals.eutr._CP000090_1-360
tmRNA_Rals.meta._CP000352_1-360
tmRNA_Rals.sola._AL646052_1-360
tmRNA_Rals.sola._AL646061_1-357
tmRNA_Rhod.balt._BX294141_1-380
tmRNA_Rubr.gela._TRW-279263_1-372
tmRNA_Rubr.xyla._CP000386_1-360
tmRNA_Rubr.xyla._TRW-266117_1-360
tmRNA_Rumi.albu._TRW-246199_1-354
tmRNA_Sacc.degr._CP000282_1-389
tmRNA_Sali.rube._CP000159_1-369
tmRNA_Salm.bong._TRW-218493_1-363
tmRNA_Salm.ente._AE014613_1-363
tmRNA_Salm.ente._AE017220_1-363
tmRNA_Salm.ente._AL627276_1-363
tmRNA_Salm.ente._CP000026_1-363
tmRNA_Salm.ente._TRW-149539_1-363
tmRNA_Salm.ente._TRW-295319_1-363
tmRNA_Salm.ente._TRW-321314_1-363
tmRNA_Salm.ente._TRW-59204_1-363
tmRNA_Salm.typh._AY316313_1-363
tmRNA_Salm.typh._AY319520_1-363
tmRNA_Serr.marc._TRW-273526_1-364
tmRNA_Shew.amaz._CP000507_1-356
tmRNA_Shew.balt._TRW-325240_1-356
tmRNA_Shew.deni._CP000302_1-355
tmRNA_Shew.frig._CP000447_1-356
tmRNA_Shew.onei._AX048560_1-355
tmRNA_Shew.putr._TRW-319224_1-356
tmRNA_Shew.spec._CP000444_1-355
tmRNA_Shew.spec._CP000446_1-355
tmRNA_Shew.spec._CP000469_1-355
tmRNA_Shew.spec._TRW-323850_1-356
tmRNA_Shig.boyd._CP000036_1-363
tmRNA_Shig.dyse._CP000034_1-363
tmRNA_Shig.dyse._TRW-358708_1-363
tmRNA_Shig.flex._AE005674_1-363
tmRNA_Shig.flex._AE014073_1-363
tmRNA_Shig.flex._CP000266_1-363
tmRNA_Shig.sonn._CP000038_1-363
tmRNA_Soda.glos._AP008232_1-384
tmRNA_Soli.usit._CP000473_1-352
tmRNA_Spir.citr._AM285321_1-424
tmRNA_Spir.kunk._TRW-273035_1-424
tmRNA_Stap.aure._AC074317_1-359
tmRNA_Stap.aure._BA000017_1-362
tmRNA_Stap.aure._BA000018_1-362
tmRNA_Stap.aure._BA000033_1-362
tmRNA_Stap.aure._BX571856_1-362
tmRNA_Stap.aure._BX571857_1-362
tmRNA_Stap.aure._TRW-1280_1-362
tmRNA_Stap.epid._AF375586_1-311
tmRNA_Stap.epid._TRW-1282-1_1-361
tmRNA_Stap.epid._TRW-1282-2_1-362
tmRNA_Stap.epid._TRW-176280_1-361
tmRNA_Sten.malt._TRW-40324_1-354
tmRNA_Stre.agal._AE014233_1-350
tmRNA_Stre.agal._TRW-1311_1-350
tmRNA_Stre.aure._AY616521_1-382
tmRNA_Stre.aver._BA000030_1-389
tmRNA_Stre.coll._AY485228_1-386
tmRNA_Stre.equi._TRW-1336_1-349
tmRNA_Stre.equi._TRW-40041_1-349
tmRNA_Stre.gord._TRW-29390_1-349
tmRNA_Stre.miti._TRW-246201_1-348
tmRNA_Stre.muta._TRW-210007_1-349
tmRNA_Stre.pneu._AE008453_1-348
tmRNA_Stre.pneu._TRW-1313_1-348
tmRNA_Stre.pneu._TRW-216600_1-348
tmRNA_Stre.pyog._AE006568_1-345
tmRNA_Stre.pyog._AE010048_1-348
tmRNA_Stre.pyog._TRW-1314-1_1-348
tmRNA_Stre.pyog._TRW-1314-2_1-350
tmRNA_Stre.scab._TRW-1883_1-402
tmRNA_Stre.sobr._TRW-246202_1-349
tmRNA_Stre.suis._TRW-218494_1-354
tmRNA_Stre.suis._TRW-286604_1-348
tmRNA_Stre.ther._CP000024_1-350
tmRNA_Stre.ther._CP000419_1-350
tmRNA_Stre.uber._TRW-218495_1-350
tmRNA_Sulf.azor._TRW-204536_1-351
tmRNA_Syne.elon._TRW-32046_1-394
tmRNA_Syne.spec._AB003477_1-394
tmRNA_Syne.spec._D90916_1-396
tmRNA_Syne.spec._TRW-1131_1-399
tmRNA_Syne.spec._TRW-32049_1-396
tmRNA_Synt.acid._CP000252_1-356
tmRNA_Tann.fors._TRW-203275_1-400
tmRNA_Thal.pseu._EF067921_1-344
tmRNA_Thal.pseu._TRW-296543_1-344
tmRNA_Thal.weis._AF049491_1-348
tmRNA_Ther.comm._TRW-289377_1-355
tmRNA_Ther.elon._BA000039_1-386
tmRNA_Ther.fusc._CP000088_1-372
tmRNA_Ther.mari._TRW-243274-1_1-356
tmRNA_Ther.neap._TRW-309803_1-357
tmRNA_Ther.rose._TRW-309801_1-353
tmRNA_Ther.teng._AE013063_1-351
tmRNA_Ther.ther._TRW-300852_1-349
tmRNA_Ther.ther._Y15063_1-349
tmRNA_Ther.yell._TRW-289376_1-350
tmRNA_Thio.crun._CP000109_1-358
tmRNA_Thio.deni._CP000116_1-367
tmRNA_Trem.prin._AF481102_1-264
tmRNA_Trep.dent._AE017226_1-351
tmRNA_Trep.pall._TRW-243276_1-354
tmRNA_Tric.eryt._CP000393_1-398
tmRNA_Trop.whip._BX251411_1-369
tmRNA_uncu.bact._TRW-135621-1_1-397
tmRNA_uncu.bact._TRW-32033-1_1-354
tmRNA_uncu.bact._TRW-32045-4_1-369
tmRNA_uncu.bact._TRW-383630-1_1-364
tmRNA_uncu.bact._TRW-45456_1-408
tmRNA_uncu.bact._TRW-72274-1_1-359
tmRNA_uncu.bact._TRW-72274-2_1-359
tmRNA_uncu.bact._TRW-80840-1_1-378
tmRNA_uncu.bact._TRW-80840-2_1-379
tmRNA_uncu.bact._TRW-80840-3_1-379
tmRNA_uncu.mari._TRW-363180_1-347
tmRNA_Urea.parv._AE002154_1-413
tmRNA_Verr.spin._TRW-240016_1-356
tmRNA_Vibr.chol._AE004170_1-367
tmRNA_Vibr.chol._U39068_1-367
tmRNA_Vibr.fisc._CP000020_1-367
tmRNA_Vibr.para._BA000031_1-368
tmRNA_Vibr.spec._TRW-345075_1-368
tmRNA_Vibr.vuln._AE016795_1-367
tmRNA_Wigg.glos._BA000021_1-365
tmRNA_Woli.succ._BX571661_1-369
tmRNA_Xant.axon._AE011783_1-397
tmRNA_Xant.camp._AE012247_1-397
tmRNA_Xant.camp._AM039952_1-397
tmRNA_Xant.oryz._AE013598_1-397
tmRNA_Xyle.fast._AE003849_1-355
tmRNA_Xyle.fast._AE004078_1-355
tmRNA_Xyle.fast._AE009442_1-355
tmRNA_Xyle.fast._TRW-155919_1-355
tmRNA_Xyle.fast._TRW-155920_1-355
tmRNA_Yers.berc._TRW-349968_1-381
tmRNA_Yers.ente._TRW-34054_1-381
tmRNA_Yers.fred._TRW-349966_1-363
tmRNA_Yers.inte._TRW-349965_1-381
tmRNA_Yers.moll._TRW-349967_1-381
tmRNA_Yers.pest._AE009952_1-364
tmRNA_Yers.pest._AE017042_1-364
tmRNA_Yers.pest._AL590842_1-364
tmRNA_Yers.pest._CP000305_1-364
tmRNA_Yers.pest._CP000308_1-364
tmRNA_Yers.pseu._AR948532_1-364
