tRNA_tdbR00000001-Halobacterium_salinarum-2242-Ala-CGC
tRNA_tdbR00000002-Haloferax_volcanii-2246-Ala-CGC
tRNA_tdbR00000003-Haloferax_volcanii-2246-Ala-GGC
tRNA_tdbR00000004-Haloferax_volcanii-2246-Ala-UGC
tRNA_tdbR00000005-Mycoplasma_capricolum-2095-Ala-UGC
tRNA_tdbR00000006-Mycoplasma_mycoides-2102-Ala-UGC
tRNA_tdbR00000007-Bacillus_subtilis-1423-Ala-5GC
tRNA_tdbR00000008-Escherichia_coli-562-Ala-GGC
tRNA_tdbR00000009-Escherichia_coli-562-Ala-VGC
tRNA_tdbR00000010-Escherichia_coli-562-Ala-VGC
tRNA_tdbR00000011-Neurospora_crassa-5141-Ala-UGC
tRNA_tdbR00000012-Saccharomyces_cerevisiae-4932-Ala-IGC
tRNA_tdbR00000013-Pichia_jadinii-4903-Ala-IGC
tRNA_tdbR00000014-Bombyx_mori-7091-Ala-IGC
tRNA_tdbR00000015-Bombyx_mori-7091-Ala-IGC
tRNA_tdbR00000016-Homo_sapiens-9606-Ala-IGC
tRNA_tdbR00000017-Homo_sapiens-9606-Ala-IGC
tRNA_tdbR00000019-Mycoplasma_capricolum-2095-Cys-GCA
tRNA_tdbR00000020-Escherichia_coli-562-Cys-GCA
tRNA_tdbR00000021-Saccharomyces_cerevisiae-4932-Cys-GCA
tRNA_tdbR00000022-Enterobacteria_phage_T5-10726-Asp-GUC
tRNA_tdbR00000023-Haloferax_volcanii-2246-Asp-GUC
tRNA_tdbR00000024-Mycoplasma_capricolum-2095-Asp-GUC
tRNA_tdbR00000025-Thermus_thermophilus-274-Asp-GUC
tRNA_tdbR00000026-Escherichia_coli-562-Asp-QUC
tRNA_tdbR00000027-Hordeum_vulgare-4513-Asp-GUC
tRNA_tdbR00000028-Hordeum_vulgare-4513-Asp-QUC
tRNA_tdbR00000029-Asterias_amurensis-7602-Asp-QUC
tRNA_tdbR00000030-Aedes_albopictus-7160-Asp-GUC
tRNA_tdbR00000031-Rattus_norvegicus-10116-Asp-QUC
tRNA_tdbR00000032-Rattus_norvegicus-10116-Asp-GUC
tRNA_tdbR00000033-Didelphis_virginiana-9267-Asp-QUC
tRNA_tdbR00000034-Mesocricetus_auratus-10036-Asp-GUC
tRNA_tdbR00000035-Saccharomyces_cerevisiae-4932-Asp-GUC
tRNA_tdbR00000036-Euglena_gracilis-3039-Asp-GUC
tRNA_tdbR00000037-Rattus_norvegicus-10116-Asp-GUC
tRNA_tdbR00000038-Rattus_norvegicus-10116-Asp-8UC
tRNA_tdbR00000039-Oryctolagus_cuniculus-9986-Asp-8UC
tRNA_tdbR00000041-Xenopus_laevis-8355-Asp-8UC
tRNA_tdbR00000042-Haloferax_volcanii-2246-Glu-MUC
tRNA_tdbR00000043-Haloferax_volcanii-2246-Glu-NUC
tRNA_tdbR00000044-Mycoplasma_capricolum-2095-Glu-UC
tRNA_tdbR00000045-Escherichia_coli-562-Glu-SUC
tRNA_tdbR00000046-Escherichia_coli-562-Glu-SUC
tRNA_tdbR00000047-Escherichia_coli-562-Glu-SUC
tRNA_tdbR00000048-Synechocystis_sp.-1143-Glu-NUC
tRNA_tdbR00000049-Chlamydomonas_reinhardtii-3055-Glu-NUC
tRNA_tdbR00000050-Hordeum_vulgare-4513-Glu-SPC
tRNA_tdbR00000051-Triticum_aestivum-4565-Glu-SPC
tRNA_tdbR00000052-Aedes_albopictus-7160-Glu-NUC
tRNA_tdbR00000053-Bos_taurus-9913-Glu-NUC
tRNA_tdbR00000054-Saccharomyces_cerevisiae-4932-Glu-3UC
tRNA_tdbR00000055-Schizosaccharomyces_pombe-4896-Glu-3UC
tRNA_tdbR00000056-Hordeum_vulgare-4513-Glu-UPC
tRNA_tdbR00000057-Hordeum_vulgare-4513-Glu-CPC
tRNA_tdbR00000058-Lupinus_luteus-3873-Glu-CUC
tRNA_tdbR00000059-Rattus_norvegicus-10116-Glu-3UC
tRNA_tdbR00000060-Drosophila_melanogaster-7227-Glu-2UC
tRNA_tdbR00000061-Mus_musculus-10090-Glu-CUC
tRNA_tdbR00000062-Homo_sapiens-9606-Glu-CUC
tRNA_tdbR00000063-Haloferax_volcanii-2246-Phe-GAA
tRNA_tdbR00000064-Mycoplasma_capricolum-2095-Phe-GAA
tRNA_tdbR00000065-Bacillus_subtilis-1423-Phe-AA
tRNA_tdbR00000066-Thermus_thermophilus-274-Phe-GAA
tRNA_tdbR00000067-Escherichia_coli-562-Phe-GAA
tRNA_tdbR00000068-Rhodospirillum_rubrum-1085-Phe-GAA
tRNA_tdbR00000069-Synechococcus_sp._PCC_7002-32049-Phe-GAA
tRNA_tdbR00000070-Geobacillus_stearothermophilus-1422-Phe-AA
tRNA_tdbR00000072-Phaseolus_vulgaris-3885-Phe-GAA
tRNA_tdbR00000073-Spinacia_oleracea-3562-Phe-GAA
tRNA_tdbR00000074-Tetrahymena_pyriformis-5908-Phe-GAA
tRNA_tdbR00000078-Ascaris_suum-6253-Phe-GAA
tRNA_tdbR00000079-Rattus_norvegicus-10116-Phe-GAA
tRNA_tdbR00000080-Bos_taurus-9913-Phe-GAA
tRNA_tdbR00000082-Neurospora_crassa-5141-Phe-AA
tRNA_tdbR00000083-Saccharomyces_cerevisiae-4932-Phe-AA
tRNA_tdbR00000084-Saccharomyces_cerevisiae-4932-Phe-AA
tRNA_tdbR00000085-Schizosaccharomyces_pombe-4896-Phe-AA
tRNA_tdbR00000086-Euglena_gracilis-3039-Phe-AA
tRNA_tdbR00000087-Hordeum_vulgare-4513-Phe-AA
tRNA_tdbR00000088-Triticum_aestivum-4565-Phe-AA
tRNA_tdbR00000089-Brassica_napus-3708-Phe-AA
tRNA_tdbR00000090-Lupinus_luteus-3873-Phe-AA
tRNA_tdbR00000091-Pisum_sativum-3888-Phe-AA
tRNA_tdbR00000092-Oryctolagus_cuniculus-9986-Phe-AA
tRNA_tdbR00000093-Bombyx_mori-7091-Phe-AA
tRNA_tdbR00000094-Bombyx_mori-7091-Phe-AA
tRNA_tdbR00000095-Drosophila_melanogaster-7227-Phe-AA
tRNA_tdbR00000096-Bos_taurus-9913-Phe-AA
tRNA_tdbR00000097-Bos_taurus-9913-Phe-AA
tRNA_tdbR00000098-Xenopus_laevis-8355-Phe-AA
tRNA_tdbR00000099-Mus_musculus-10090-Phe-AA
tRNA_tdbR00000100-Mus_musculus-10090-Phe-AA
tRNA_tdbR00000101-Mus_musculus-10090-Phe-AA
tRNA_tdbR00000102-Bos_taurus-9913-Phe-AA
tRNA_tdbR00000103-Homo_sapiens-9606-Phe-AA
tRNA_tdbR00000104-Enterobacteria_phage_T4-10665-Gly-NCC
tRNA_tdbR00000105-Halobacterium_salinarum-2242-Gly-GCC
tRNA_tdbR00000106-Haloferax_volcanii-2246-Gly-CCC
tRNA_tdbR00000107-Haloferax_volcanii-2246-Gly-GCC
tRNA_tdbR00000108-Haloferax_volcanii-2246-Gly-GCC
tRNA_tdbR00000109-Haloferax_volcanii-2246-Gly-NCC
tRNA_tdbR00000110-Methanobacterium_thermaggregans-83982-Gly-GCC
tRNA_tdbR00000111-Mycoplasma_capricolum-2095-Gly-UCC
tRNA_tdbR00000112-Mycoplasma_mycoides-2102-Gly-UCC
tRNA_tdbR00000113-Streptomyces_coelicolor_A32-100226-Gly-CCC
tRNA_tdbR00000114-Staphylococcus_epidermidis-1282-Gly-UCC
tRNA_tdbR00000115-Staphylococcus_epidermidis-1282-Gly-UCC
tRNA_tdbR00000116-Bacillus_subtilis-1423-Gly-CC
tRNA_tdbR00000117-Escherichia_coli-562-Gly-CCC
tRNA_tdbR00000118-Escherichia_coli-562-Gly-GCC
tRNA_tdbR00000119-Escherichia_coli-562-Gly-NCC
tRNA_tdbR00000120-Salmonella_typhimurium-602-Gly-CCC
tRNA_tdbR00000121-Salmonella_typhimurium-602-Gly-NCC
tRNA_tdbR00000122-Codium_fragile-3133-Gly-UCC
tRNA_tdbR00000123-Saccharomyces_cerevisiae-4932-Gly-NCC
tRNA_tdbR00000124-Aedes_albopictus-7160-Gly-UCC
tRNA_tdbR00000125-Bos_taurus-9913-Gly-UCC
tRNA_tdbR00000126-Halocynthia_roretzi-7729-Gly-NCU
tRNA_tdbR00000127-Halocynthia_roretzi-7729-Gly-UCU
tRNA_tdbR00000128-Halocynthia_roretzi-7729-Gly-GCU
tRNA_tdbR00000129-Saccharomyces_cerevisiae-4932-Gly-GCC
tRNA_tdbR00000131-Triticum_aestivum-4565-Gly-GCC
tRNA_tdbR00000132-Lupinus_luteus-3873-Gly-GCC
tRNA_tdbR00000133-Bombyx_mori-7091-Gly-GCC
tRNA_tdbR00000134-Bombyx_mori-7091-Gly-CC
tRNA_tdbR00000135-Homo_sapiens-9606-Gly-CCC
tRNA_tdbR00000136-Homo_sapiens-9606-Gly-GCC
tRNA_tdbR00000138-Haloferax_volcanii-2246-His-GUG
tRNA_tdbR00000139-Mycoplasma_capricolum-2095-His-GUK
tRNA_tdbR00000140-Escherichia_coli-562-His-QUG
tRNA_tdbR00000141-Salmonella_typhimurium-602-His-QUG
tRNA_tdbR00000142-Saccharomyces_cerevisiae-4932-His-GUG
tRNA_tdbR00000143-Asterias_amurensis-7602-His-QUG
tRNA_tdbR00000144-Saccharomyces_cerevisiae-4932-His-GUG
tRNA_tdbR00000145-Saccharomyces_cerevisiae-4932-His-GUG
tRNA_tdbR00000146-Lupinus_luteus-3873-His-GUG
tRNA_tdbR00000147-Drosophila_melanogaster-7227-His-GUG
tRNA_tdbR00000148-Ovis_aries-9940-His-QUG
tRNA_tdbR00000149-Homo_sapiens-9606-His-GUG
tRNA_tdbR00000151-Haloferax_volcanii-2246-Ile-GAU
tRNA_tdbR00000152-Haloferax_volcanii-2246-Ile-NAU
tRNA_tdbR00000153-Mycoplasma_capricolum-2095-Ile-AU
tRNA_tdbR00000154-Mycoplasma_capricolum-2095-Ile-GAU
tRNA_tdbR00000155-Mycoplasma_mycoides-2102-Ile-GAU
tRNA_tdbR00000156-Bacillus_subtilis-1423-Ile-AU
tRNA_tdbR00000157-Thermus_thermophilus-274-Ile-GAU
tRNA_tdbR00000158-Escherichia_coli-562-Ile-GAU
tRNA_tdbR00000159-Escherichia_coli-562-Ile-GAU
tRNA_tdbR00000160-Escherichia_coli-562-Ile-AU
tRNA_tdbR00000161-Zea_mays-4577-Ile-GAU
tRNA_tdbR00000162-Spinacia_oleracea-3562-Ile-GAU
tRNA_tdbR00000164-Saccharomyces_cerevisiae-4932-Ile-GAU
tRNA_tdbR00000165-Solanum_tuberosum-4113-Ile-AU
tRNA_tdbR00000167-Aedes_albopictus-7160-Ile-GAU
tRNA_tdbR00000168-Bos_taurus-9913-Ile-GAU
tRNA_tdbR00000169-Homo_sapiens-9606-Ile-GAU
tRNA_tdbR00000170-Saccharomyces_cerevisiae-4932-Ile-IAU
tRNA_tdbR00000171-Pichia_jadinii-4903-Ile-IAU
tRNA_tdbR00000172-Lupinus_luteus-3873-Ile-IAU
tRNA_tdbR00000173-Bombyx_mori-7091-Ile-IAU
tRNA_tdbR00000174-Mus_musculus-10090-Ile-IAU
tRNA_tdbR00000175-Haloferax_volcanii-2246-Lys-NUU
tRNA_tdbR00000176-Haloferax_volcanii-2246-Lys-MUU
tRNA_tdbR00000177-Mycoplasma_capricolum-2095-Lys-CUU
tRNA_tdbR00000178-Mycoplasma_capricolum-2095-Lys-UU
tRNA_tdbR00000179-Bacillus_subtilis-1423-Lys-UU
tRNA_tdbR00000180-Bacillus_subtilis-1423-Lys-UU
tRNA_tdbR00000181-Escherichia_coli-562-Lys-SUU
tRNA_tdbR00000182-Codium_fragile-3133-Lys-NUU
tRNA_tdbR00000184-Asterias_amurensis-7602-Lys-CUU
tRNA_tdbR00000187-Loligo_bleekeri-6617-Lys-CUU
tRNA_tdbR00000189-Rattus_norvegicus-10116-Lys-NUU
tRNA_tdbR00000190-Bos_taurus-9913-Lys-NUU
tRNA_tdbR00000191-Mesocricetus_auratus-10036-Lys-NUU
tRNA_tdbR00000192-Saccharomyces_cerevisiae-4932-Lys-CUU
tRNA_tdbR00000193-Saccharomyces_cerevisiae-4932-Lys-UU
tRNA_tdbR00000194-Triticum_aestivum-4565-Lys-CUU
tRNA_tdbR00000195-Rattus_norvegicus-10116-Lys-CUN
tRNA_tdbR00000196-Rattus_norvegicus-10116-Lys-CUN
tRNA_tdbR00000197-Rattus_norvegicus-10116-Lys-3UU
tRNA_tdbR00000198-Oryctolagus_cuniculus-9986-Lys-CUU
tRNA_tdbR00000199-Oryctolagus_cuniculus-9986-Lys-CUU
tRNA_tdbR00000200-Oryctolagus_cuniculus-9986-Lys-3UU
tRNA_tdbR00000201-Drosophila_melanogaster-7227-Lys-CUU
tRNA_tdbR00000202-Drosophila_melanogaster-7227-Lys-UU
tRNA_tdbR00000203-Loligo_bleekeri-6617-Lys-NUU
tRNA_tdbR00000204-Loligo_bleekeri-6617-Lys-CUU
tRNA_tdbR00000205-Loligo_bleekeri-6617-Lys-NUU
tRNA_tdbR00000206-Loligo_bleekeri-6617-Lys-UUU
tRNA_tdbR00000207-Mus_musculus-10090-Lys-CUU
tRNA_tdbR00000208-Mus_musculus-10090-Lys-CUN
tRNA_tdbR00000209-Enterobacteria_phage_T4-10665-Leu-NAA
tRNA_tdbR00000210-Enterobacteria_phage_T5-10726-Leu-UAG
tRNA_tdbR00000211-Haloferax_volcanii-2246-Leu-CAA
tRNA_tdbR00000212-Haloferax_volcanii-2246-Leu-CAG
tRNA_tdbR00000213-Haloferax_volcanii-2246-Leu-GAG
tRNA_tdbR00000214-Haloferax_volcanii-2246-Leu-UAA
tRNA_tdbR00000215-Haloferax_volcanii-2246-Leu-5AG
tRNA_tdbR00000216-Mycoplasma_capricolum-2095-Leu-BAA
tRNA_tdbR00000217-Mycoplasma_capricolum-2095-Leu-AA
tRNA_tdbR00000218-Mycoplasma_capricolum-2095-Leu-UAG
tRNA_tdbR00000219-Bacillus_subtilis-1423-Leu-CAG
tRNA_tdbR00000220-Escherichia_coli-562-Leu-HAA
tRNA_tdbR00000221-Escherichia_coli-562-Leu-CAG
tRNA_tdbR00000222-Escherichia_coli-562-Leu-GAG
tRNA_tdbR00000223-Salmonella_typhimurium-602-Leu-CAG
tRNA_tdbR00000224-Rhodospirillum_rubrum-1085-Leu-CAA
tRNA_tdbR00000225-Synechococcus_elongatus_PCC_6301-269084-Leu-CAA
tRNA_tdbR00000226-Synechococcus_elongatus_PCC_6301-269084-Leu-CAG
tRNA_tdbR00000227-Geobacillus_stearothermophilus-1422-Leu-BAA
tRNA_tdbR00000228-Glycine_max-3847-Leu-BAA
tRNA_tdbR00000229-Glycine_max-3847-Leu-JAA
tRNA_tdbR00000230-Glycine_max-3847-Leu-UA7
tRNA_tdbR00000231-Phaseolus_vulgaris-3885-Leu-BAA
tRNA_tdbR00000232-Phaseolus_vulgaris-3885-Leu-NAA
tRNA_tdbR00000233-Phaseolus_vulgaris-3885-Leu-UA7
tRNA_tdbR00000234-Spinacia_oleracea-3562-Leu-UA7
tRNA_tdbR00000235-Neurospora_crassa-5141-Leu-NAA
tRNA_tdbR00000236-Neurospora_crassa-5141-Leu-UAG
tRNA_tdbR00000237-Saccharomyces_cerevisiae-4932-Leu-AA
tRNA_tdbR00000243-Rattus_norvegicus-10116-Leu-UAG
tRNA_tdbR00000244-Rattus_norvegicus-10116-Leu-UAG
tRNA_tdbR00000245-Rattus_norvegicus-10116-Leu-UAG
tRNA_tdbR00000246-Bos_taurus-9913-Leu-NAA
tRNA_tdbR00000247-Bos_taurus-9913-Leu-UAG
tRNA_tdbR00000249-Saccharomyces_cerevisiae-4932-Leu-CAA
tRNA_tdbR00000250-Saccharomyces_cerevisiae-4932-Leu-UAG
tRNA_tdbR00000251-Saccharomyces_cerevisiae-4932-Leu-UAA
tRNA_tdbR00000252-Pichia_jadinii-4903-Leu-BAA
tRNA_tdbR00000253-Candida_cylindracea-44322-Leu-BAA
tRNA_tdbR00000254-Candida_cylindracea-44322-Leu-IAG
tRNA_tdbR00000255-Candida_cylindracea-44322-Leu-IAG
tRNA_tdbR00000261-Cucumis_sativus-3659-Leu-NAA
tRNA_tdbR00000262-Rattus_norvegicus-10116-Leu-AA
tRNA_tdbR00000263-Rattus_norvegicus-10116-Leu-AA
tRNA_tdbR00000264-Caenorhabditis_elegans-6239-Leu-IAG
tRNA_tdbR00000265-Bos_taurus-9913-Leu-IAG
tRNA_tdbR00000266-Bos_taurus-9913-Leu-AA
tRNA_tdbR00000267-Bos_taurus-9913-Leu-IAG
tRNA_tdbR00000270-Avian_myeloblastosis_virus-11866-Met-BAU
tRNA_tdbR00000271-Haloferax_volcanii-2246-Met-BAU
tRNA_tdbR00000272-Thermoplasma_acidophilum-2303-Met-CAU
tRNA_tdbR00000273-Mycoplasma_capricolum-2095-Met-CAU
tRNA_tdbR00000274-Bacillus_subtilis-1423-Met-CAU
tRNA_tdbR00000275-Thermus_thermophilus-274-Met-CAU
tRNA_tdbR00000276-Escherichia_coli-562-Met-MAU
tRNA_tdbR00000277-Codium_fragile-3133-Met-CAU
tRNA_tdbR00000278-Scenedesmus_obliquus-3088-Met-CAU
tRNA_tdbR00000279-Spinacia_oleracea-3562-Met-CAU
tRNA_tdbR00000280-Saccharomyces_cerevisiae-4932-Met-CAU
tRNA_tdbR00000281-Phaseolus_vulgaris-3885-Met-CAU
tRNA_tdbR00000282-Ascaris_suum-6253-Met-AU
tRNA_tdbR00000283-Gallus_gallus-9031-Met-AU
tRNA_tdbR00000284-Saccharomyces_cerevisiae-4932-Met-CAU
tRNA_tdbR00000285-Triticum_aestivum-4565-Met-BAU
tRNA_tdbR00000286-Lupinus_luteus-3873-Met-BAU
tRNA_tdbR00000287-Oryctolagus_cuniculus-9986-Met-BAU
tRNA_tdbR00000288-Mus_musculus-10090-Met-BAU
tRNA_tdbR00000289-Homo_sapiens-9606-Met-BAU
tRNA_tdbR00000290-Enterobacteria_phage_T5-10726-Asn-GUU
tRNA_tdbR00000291-Halobacterium_salinarum-2242-Asn-GUU
tRNA_tdbR00000292-Haloferax_volcanii-2246-Asn-GUU
tRNA_tdbR00000293-Methanobacterium_thermaggregans-83982-Asn-UU
tRNA_tdbR00000294-Mycoplasma_capricolum-2095-Asn-GUU
tRNA_tdbR00000295-Escherichia_coli-562-Asn-QUU
tRNA_tdbR00000296-Azospirillum_lipoferum-193-Asn-QUU
tRNA_tdbR00000297-Azospirillum_lipoferum-193-Asn-QUU
tRNA_tdbR00000298-Asterias_amurensis-7602-Asn-GUU
tRNA_tdbR00000299-Asterias_amurensis-7602-Asn-GPU
tRNA_tdbR00000300-Saccharomyces_cerevisiae-4932-Asn-GUU
tRNA_tdbR00000301-Lupinus_luteus-3873-Asn-UU
tRNA_tdbR00000307-Moloney_murine_leukemia_virus-11801-Pro-IGG
tRNA_tdbR00000308-Moloney_murine_leukemia_virus-11801-Pro-NGG
tRNA_tdbR00000309-Enterobacteria_phage_T4-10665-Pro-NGG
tRNA_tdbR00000310-Enterobacteria_phage_T5-10726-Pro-UGG
tRNA_tdbR00000311-Haloferax_volcanii-2246-Pro-MGG
tRNA_tdbR00000312-Haloferax_volcanii-2246-Pro-GGG
tRNA_tdbR00000313-Haloferax_volcanii-2246-Pro-UGG
tRNA_tdbR00000314-Mycoplasma_capricolum-2095-Pro-UGG
tRNA_tdbR00000315-Mycoplasma_mycoides-2102-Pro-UGG
tRNA_tdbR00000316-Bacillus_subtilis-1423-Pro-5GG
tRNA_tdbR00000317-Salmonella_typhimurium-602-Pro-CGG
tRNA_tdbR00000318-Salmonella_typhimurium-602-Pro-GGG
tRNA_tdbR00000319-Salmonella_typhimurium-602-Pro-VGG
tRNA_tdbR00000320-Spinacia_oleracea-3562-Pro-NGG
tRNA_tdbR00000321-Saccharomyces_cerevisiae-4932-Pro-UGG
tRNA_tdbR00000322-Phaseolus_vulgaris-3885-Pro-UGG
tRNA_tdbR00000323-Saccharomyces_cerevisiae-4932-Pro-NGG
tRNA_tdbR00000324-Saccharomyces_cerevisiae-4932-Pro-NGG
tRNA_tdbR00000325-Pichia_jadinii-4903-Pro-GG
tRNA_tdbR00000326-Lupinus_luteus-3873-Pro-IGG
tRNA_tdbR00000327-Enterobacteria_phage_T4-10665-Gln-NUG
tRNA_tdbR00000328-Enterobacteria_phage_T5-10726-Gln-UUG
tRNA_tdbR00000330-Haloferax_volcanii-2246-Gln-MUG
tRNA_tdbR00000331-Mycoplasma_capricolum-2095-Gln-UG
tRNA_tdbR00000332-Escherichia_coli-562-Gln-CUG
tRNA_tdbR00000333-Escherichia_coli-562-Gln-NUG
tRNA_tdbR00000334-Hordeum_vulgare-4513-Gln-UG
tRNA_tdbR00000335-Nicotiana_rustica-4093-Gln-NUG
tRNA_tdbR00000336-Aedes_albopictus-7160-Gln-NUG
tRNA_tdbR00000337-Tetrahymena_thermophila-5911-Gln-CUA
tRNA_tdbR00000338-Tetrahymena_thermophila-5911-Gln-JUA
tRNA_tdbR00000339-Tetrahymena_thermophila-5911-Gln-JUG
tRNA_tdbR00000340-Nicotiana_rustica-4093-Gln-JUG
tRNA_tdbR00000341-Rattus_norvegicus-10116-Gln-CUG
tRNA_tdbR00000342-Bos_taurus-9913-Gln-CUG
tRNA_tdbR00000343-Mus_musculus-10090-Gln-CUG
tRNA_tdbR00000344-Mus_musculus-10090-Gln-JUG
tRNA_tdbR00000345-Homo_sapiens-9606-Gln-NUG
tRNA_tdbR00000346-Homo_sapiens-9606-Gln-NUG
tRNA_tdbR00000347-Enterobacteria_phage_T4-10665-Arg-NCU
tRNA_tdbR00000348-Halobacterium_salinarum-2242-Arg-GCG
tRNA_tdbR00000349-Haloferax_volcanii-2246-Arg-CCG
tRNA_tdbR00000350-Haloferax_volcanii-2246-Arg-GCG
tRNA_tdbR00000351-Haloferax_volcanii-2246-Arg-NCG
tRNA_tdbR00000352-Mycoplasma_capricolum-2095-Arg-ICG
tRNA_tdbR00000353-Mycoplasma_capricolum-2095-Arg-CU
tRNA_tdbR00000354-Bacillus_subtilis-1423-Arg-ICG
tRNA_tdbR00000355-Escherichia_coli-562-Arg-ICG
tRNA_tdbR00000356-Escherichia_coli-562-Arg-ICG
tRNA_tdbR00000357-Escherichia_coli-562-Arg-CU
tRNA_tdbR00000358-Escherichia_coli-562-Arg-CU
tRNA_tdbR00000359-Escherichia_coli-562-Arg-CCG
tRNA_tdbR00000360-Codium_fragile-3133-Arg-ICG
tRNA_tdbR00000361-Saccharomyces_cerevisiae-4932-Arg-ACG
tRNA_tdbR00000362-Saccharomyces_cerevisiae-4932-Arg-NCU
tRNA_tdbR00000363-Ascaris_suum-6253-Arg-PCU
tRNA_tdbR00000364-Ascaris_suum-6253-Arg-ACG
tRNA_tdbR00000365-Aedes_albopictus-7160-Arg-UCG
tRNA_tdbR00000366-Rattus_norvegicus-10116-Arg-UCG
tRNA_tdbR00000367-Bos_taurus-9913-Arg-UCG
tRNA_tdbR00000368-Mesocricetus_auratus-10036-Arg-UCG
tRNA_tdbR00000369-Saccharomyces_cerevisiae-4932-Arg-ICG
tRNA_tdbR00000370-Saccharomyces_cerevisiae-4932-Arg-1CU
tRNA_tdbR00000371-Saccharomyces_cerevisiae-4932-Arg-1CU
tRNA_tdbR00000372-Triticum_aestivum-4565-Arg-CCG
tRNA_tdbR00000373-Triticum_aestivum-4565-Arg-ICG
tRNA_tdbR00000374-Bos_taurus-9913-Arg-CCG
tRNA_tdbR00000375-Bos_taurus-9913-Arg-CCU
tRNA_tdbR00000376-Bos_taurus-9913-Arg-3CP
tRNA_tdbR00000377-Mus_musculus-10090-Arg-ICG
tRNA_tdbR00000378-Mus_musculus-10090-Arg-ICG
tRNA_tdbR00000379-Enterobacteria_phage_T4-10665-Ser-NGA
tRNA_tdbR00000380-Halobacterium_salinarum-2242-Ser-MGA
tRNA_tdbR00000381-Haloferax_volcanii-2246-Ser-GCU
tRNA_tdbR00000382-Haloferax_volcanii-2246-Ser-MGA
tRNA_tdbR00000383-Haloferax_volcanii-2246-Ser-GGA
tRNA_tdbR00000384-Mycoplasma_capricolum-2095-Ser-GCU
tRNA_tdbR00000385-Mycoplasma_capricolum-2095-Ser-UGA
tRNA_tdbR00000386-Mycoplasma_mycoides-2102-Ser-UGA
tRNA_tdbR00000387-Bacillus_subtilis-1423-Ser-5GA
tRNA_tdbR00000389-Bacillus_subtilis-1423-Ser-GGA
tRNA_tdbR00000390-Escherichia_coli-562-Ser-CGA
tRNA_tdbR00000391-Escherichia_coli-562-Ser-GCU
tRNA_tdbR00000392-Escherichia_coli-562-Ser-GGA
tRNA_tdbR00000393-Escherichia_coli-562-Ser-GGA
tRNA_tdbR00000394-Escherichia_coli-562-Ser-VGA
tRNA_tdbR00000395-Saccharomyces_cerevisiae-4932-Ser-GCU
tRNA_tdbR00000396-Saccharomyces_cerevisiae-4932-Ser-UGA
tRNA_tdbR00000397-Saccharomyces_cerevisiae-4932-Ser-UGA
tRNA_tdbR00000398-Ascaris_suum-6253-Ser-UCU
tRNA_tdbR00000399-Aedes_albopictus-7160-Ser-GCU
tRNA_tdbR00000400-Loligo_bleekeri-6617-Ser-7CU
tRNA_tdbR00000403-Bos_taurus-9913-Ser-UGA
tRNA_tdbR00000406-Saccharomyces_cerevisiae-4932-Ser-NGA
tRNA_tdbR00000407-Saccharomyces_cerevisiae-4932-Ser-IGA
tRNA_tdbR00000408-Saccharomyces_cerevisiae-4932-Ser-IGA
tRNA_tdbR00000409-Candida_cylindracea-44322-Ser-CAG
tRNA_tdbR00000410-Candida_cylindracea-44322-Ser-GA
tRNA_tdbR00000411-Candida_cylindracea-44322-Ser-IGA
tRNA_tdbR00000412-Candida_cylindracea-44322-Ser-CGA
tRNA_tdbR00000413-Candida_cylindracea-44322-Ser-GCU
tRNA_tdbR00000414-Lupinus_luteus-3873-Ser-CGA
tRNA_tdbR00000415-Nicotiana_rustica-4093-Ser-GA
tRNA_tdbR00000416-Nicotiana_rustica-4093-Ser-CGA
tRNA_tdbR00000417-Nicotiana_rustica-4093-Ser-GCU
tRNA_tdbR00000418-Nicotiana_rustica-4093-Ser-IGA
tRNA_tdbR00000419-Nicotiana_rustica-4093-Ser-IGA
tRNA_tdbR00000420-Spinacia_oleracea-3562-Ser-IGA
tRNA_tdbR00000421-Rattus_norvegicus-10116-Ser-IGA
tRNA_tdbR00000422-Rattus_norvegicus-10116-Ser-GCU
tRNA_tdbR00000423-Rattus_norvegicus-10116-Ser-IGA
tRNA_tdbR00000424-Drosophila_melanogaster-7227-Ser-GCU
tRNA_tdbR00000425-Drosophila_melanogaster-7227-Ser-IGA
tRNA_tdbR00000426-Drosophila_melanogaster-7227-Ser-CGA
tRNA_tdbR00000427-Gallus_gallus-9031-Ser-UGA
tRNA_tdbR00000428-Homo_sapiens-9606-Ser-UGA
tRNA_tdbR00000429-Enterobacteria_phage_T4-10665-Thr-NGU
tRNA_tdbR00000430-Halobacterium_salinarum-2242-Thr-GGU
tRNA_tdbR00000431-Haloferax_volcanii-2246-Thr-CGU
tRNA_tdbR00000432-Haloferax_volcanii-2246-Thr-GGU
tRNA_tdbR00000433-Mycoplasma_capricolum-2095-Thr-AGU
tRNA_tdbR00000434-Mycoplasma_capricolum-2095-Thr-UGU
tRNA_tdbR00000435-Mycoplasma_mycoides-2102-Thr-UGU
tRNA_tdbR00000436-Bacillus_subtilis-1423-Thr-5GU
tRNA_tdbR00000437-Escherichia_coli-562-Thr-GGU
tRNA_tdbR00000438-Escherichia_coli-562-Thr-GGU
tRNA_tdbR00000439-Spinacia_oleracea-3562-Thr-GGU
tRNA_tdbR00000440-Neurospora_crassa-5141-Thr-UGU
tRNA_tdbR00000443-Saccharomyces_cerevisiae-4932-Thr-IGU
tRNA_tdbR00000444-Saccharomyces_cerevisiae-4932-Thr-IGU
tRNA_tdbR00000445-Bos_taurus-9913-Thr-IGU
tRNA_tdbR00000446-Halobacterium_salinarum-2242-Val-CAC
tRNA_tdbR00000447-Halobacterium_salinarum-2242-Val-CAC
tRNA_tdbR00000448-Halobacterium_salinarum-2242-Val-GAC
tRNA_tdbR00000449-Haloferax_volcanii-2246-Val-CAC
tRNA_tdbR00000450-Haloferax_volcanii-2246-Val-GAC
tRNA_tdbR00000451-Mycoplasma_capricolum-2095-Val-UAC
tRNA_tdbR00000452-Mycoplasma_mycoides-2102-Val-UAC
tRNA_tdbR00000453-Bacillus_subtilis-1423-Val-5AC
tRNA_tdbR00000454-Escherichia_coli-562-Val-GAC
tRNA_tdbR00000455-Escherichia_coli-562-Val-GAC
tRNA_tdbR00000456-Escherichia_coli-562-Val-VAC
tRNA_tdbR00000457-Geobacillus_stearothermophilus-1422-Val-GAC
tRNA_tdbR00000459-Neurospora_crassa-5141-Val-UAC
tRNA_tdbR00000460-Aedes_albopictus-7160-Val-UAC
tRNA_tdbR00000461-Rattus_norvegicus-10116-Val-UAC
tRNA_tdbR00000462-Rattus_norvegicus-10116-Val-UAC
tRNA_tdbR00000463-Bos_taurus-9913-Val-UAC
tRNA_tdbR00000464-Saccharomyces_cerevisiae-4932-Val-IAC
tRNA_tdbR00000465-Saccharomyces_cerevisiae-4932-Val-CAC
tRNA_tdbR00000466-Saccharomyces_cerevisiae-4932-Val-AC
tRNA_tdbR00000467-Pichia_jadinii-4903-Val-IAC
tRNA_tdbR00000468-Lupinus_luteus-3873-Val-IAC
tRNA_tdbR00000469-Rattus_norvegicus-10116-Val-IAC
tRNA_tdbR00000471-Oryctolagus_cuniculus-9986-Val-IAC
tRNA_tdbR00000472-Drosophila_melanogaster-7227-Val-IAC
tRNA_tdbR00000473-Drosophila_melanogaster-7227-Val-CAC
tRNA_tdbR00000474-Drosophila_melanogaster-7227-Val-NAC
tRNA_tdbR00000475-Mus_musculus-10090-Val-IAC
tRNA_tdbR00000477-Avian_myeloblastosis_virus-11866-Trp-BCA
tRNA_tdbR00000478-Haloferax_volcanii-2246-Trp-BCA
tRNA_tdbR00000479-Mycoplasma_capricolum-2095-Trp-BCA
tRNA_tdbR00000480-Mycoplasma_capricolum-2095-Trp-CA
tRNA_tdbR00000481-Spiroplasma_citri-2133-Trp-NCA
tRNA_tdbR00000482-Spiroplasma_citri-2133-Trp-CCA
tRNA_tdbR00000483-Bacillus_subtilis-1423-Trp-CCA
tRNA_tdbR00000484-Escherichia_coli-562-Trp-CCA
tRNA_tdbR00000485-Nicotiana_tabacum-4097-Trp-BCA
tRNA_tdbR00000486-Phaseolus_vulgaris-3885-Trp-BCA
tRNA_tdbR00000488-Tetrahymena_thermophila-5911-Trp-CA
tRNA_tdbR00000489-Neurospora_crassa-5141-Trp-NCA
tRNA_tdbR00000490-Saccharomyces_cerevisiae-4932-Trp-CA
tRNA_tdbR00000492-Rattus_norvegicus-10116-Trp-NCA
tRNA_tdbR00000493-Bos_taurus-9913-Trp-NCA
tRNA_tdbR00000494-Saccharomyces_cerevisiae-4932-Trp-BCA
tRNA_tdbR00000495-Triticum_aestivum-4565-Trp-BCA
tRNA_tdbR00000496-Nicotiana_tabacum-4097-Trp-BCA
tRNA_tdbR00000497-Bos_taurus-9913-Trp-BCA
tRNA_tdbR00000498-Gallus_gallus-9031-Trp-BCA
tRNA_tdbR00000499-Halobacterium_salinarum-2242-Ini-CAU
tRNA_tdbR00000500-Haloferax_volcanii-2246-Ini-CAU
tRNA_tdbR00000503-Thermoplasma_acidophilum-2303-Ini-CAU
tRNA_tdbR00000504-Mycoplasma_capricolum-2095-Ini-CAU
tRNA_tdbR00000505-Mycoplasma_mycoides-2102-Ini-CAU
tRNA_tdbR00000506-Streptomyces_griseus-1911-Ini-CAU
tRNA_tdbR00000507-Bacillus_subtilis-1423-Ini-CAU
tRNA_tdbR00000508-Thermus_thermophilus-274-Ini-CAU
tRNA_tdbR00000509-Thermus_thermophilus-274-Ini-CAU
tRNA_tdbR00000510-Escherichia_coli-562-Ini-CAU
tRNA_tdbR00000511-Escherichia_coli-562-Ini-CAU
tRNA_tdbR00000512-Mycobacterium_smegmatis-1772-Ini-CAU
tRNA_tdbR00000513-Synechococcus_elongatus_PCC_6301-269084-Ini-CAU
tRNA_tdbR00000514-Scenedesmus_obliquus-3088-Ini-CAU
tRNA_tdbR00000515-Phaseolus_vulgaris-3885-Ini-CAU
tRNA_tdbR00000516-Spinacia_oleracea-3562-Ini-CAU
tRNA_tdbR00000517-Neurospora_crassa-5141-Ini-CAU
tRNA_tdbR00000518-Saccharomyces_cerevisiae-4932-Ini-CAU
tRNA_tdbR00000519-Phaseolus_vulgaris-3885-Ini-CAU
tRNA_tdbR00000520-Aedes_albopictus-7160-Ini-CAU
tRNA_tdbR00000521-Bos_taurus-9913-Ini-CAU
tRNA_tdbR00000522-Bos_taurus-9913-Ini-AU
tRNA_tdbR00000523-Tetrahymena_thermophila-5911-Ini-CAU
tRNA_tdbR00000524-Scenedesmus_obliquus-3088-Ini-CAU
tRNA_tdbR00000526-Saccharomyces_cerevisiae-4932-Ini-CAU
tRNA_tdbR00000527-Schizosaccharomyces_pombe-4896-Ini-CAU
tRNA_tdbR00000528-Pichia_jadinii-4903-Ini-CAU
tRNA_tdbR00000529-Triticum_aestivum-4565-Ini-CAU
tRNA_tdbR00000531-Phaseolus_vulgaris-3885-Ini-CAU
tRNA_tdbR00000532-Oryctolagus_cuniculus-9986-Ini-CAU
tRNA_tdbR00000533-Drosophila_melanogaster-7227-Ini-CAU
tRNA_tdbR00000534-Euphausia_superba-6819-Ini-CAU
tRNA_tdbR00000535-Xenopus_laevis-8355-Ini-CAU
tRNA_tdbR00000536-Salmo_salar-8030-Ini-CAU
tRNA_tdbR00000537-Mus_musculus-10090-Ini-CAU
tRNA_tdbR00000538-Asterina_amurensis-69830-Ini-CAU
tRNA_tdbR00000539-Ovis_aries-9940-Ini-CAU
tRNA_tdbR00000540-Homo_sapiens-9606-Ini-CAU
tRNA_tdbR00000541-Haloferax_volcanii-2246-Tyr-GUA
tRNA_tdbR00000542-Mycoplasma_capricolum-2095-Tyr-GUA
tRNA_tdbR00000543-Bacillus_subtilis-1423-Tyr-QUA
tRNA_tdbR00000544-Bacillus_subtilis-1423-Tyr-QUA
tRNA_tdbR00000545-Escherichia_coli-562-Tyr-QUA
tRNA_tdbR00000546-Escherichia_coli-562-Tyr-QUA
tRNA_tdbR00000547-Geobacillus_stearothermophilus-1422-Tyr-QUA
tRNA_tdbR00000548-Scenedesmus_obliquus-3088-Tyr-GUA
tRNA_tdbR00000549-Tetrahymena_pyriformis-5908-Tyr-QUA
tRNA_tdbR00000550-Neurospora_crassa-5141-Tyr-GUA
tRNA_tdbR00000551-Saccharomyces_cerevisiae-4932-Tyr-GUA
tRNA_tdbR00000553-Asterias_amurensis-7602-Tyr-GUA
tRNA_tdbR00000555-Saccharomyces_cerevisiae-4932-Tyr-GPA
tRNA_tdbR00000556-Schizosaccharomyces_pombe-4896-Tyr-GPA
tRNA_tdbR00000557-Pichia_jadinii-4903-Tyr-GPA
tRNA_tdbR00000558-Triticum_aestivum-4565-Tyr-QPA
tRNA_tdbR00000559-Triticum_aestivum-4565-Tyr-GPA
tRNA_tdbR00000560-Lupinus_luteus-3873-Tyr-GPA
tRNA_tdbR00000561-Nicotiana_rustica-4093-Tyr-GPA
tRNA_tdbR00000562-Nicotiana_rustica-4093-Tyr-GPA
tRNA_tdbR00000563-Lupinus_albus-3870-Tyr-GPA
tRNA_tdbR00000564-Drosophila_melanogaster-7227-Tyr-QPA
tRNA_tdbR00000565-Bos_taurus-9913-Tyr-9PA
tRNA_tdbR00000566-Homo_sapiens-9606-Tyr-9PA
tRNA_tdbR00000567-Homo_sapiens-9606-Tyr-9PA
tRNA_tdbR00000572-Leishmania_tarentolae-5689-Lys-1UU
tRNA_tdbR00000573-Leishmania_tarentolae-5689-Gln-3UG
tRNA_tdbR00000574-Leishmania_tarentolae-5689-Trp-CCA
tRNA_tdbR00000575-Leishmania_tarentolae-5689-Thr-CGU
tRNA_tdbR00000576-Leishmania_tarentolae-5689-Asp-GUC
tRNA_tdbR00000577-Leishmania_tarentolae-5689-Glu-CUC
tRNA_tdbR00000578-Leishmania_tarentolae-5689-Glu-3UC
tRNA_tdbR00000579-Aeropyrum_pernix-56636-Pro-CGG
tRNA_tdbR00000580-Aeropyrum_pernix-56636-Lys-UUU
tRNA_tdbR00000581-Aeropyrum_pernix-56636-Lys-CUU
tRNA_tdbR00000582-Aeropyrum_pernix-56636-Tyr-GUA
tRNA_tdbR00000583-Aeropyrum_pernix-56636-Cys-GCA
tRNA_tdbR00000584-Aeropyrum_pernix-56636-Pro-GGG
tRNA_tdbR00000585-Aeropyrum_pernix-56636-Thr-CGU
tRNA_tdbR00000586-Aeropyrum_pernix-56636-Met-CAU
tRNA_tdbR00000587-Aeropyrum_pernix-56636-Met-CAU
tRNA_tdbR00000588-Aeropyrum_pernix-56636-Asp-GUC
tRNA_tdbR00000589-Aeropyrum_pernix-56636-Arg-UCU
tRNA_tdbR00000590-Ascaris_suum-6253-Glu-UC
tRNA_tdbR00000591-Ascaris_suum-6253-Lys-UU
tRNA_tdbR00000592-Ascaris_suum-6253-Gln-UG
tRNA_tdbR00000593-Ascaris_suum-6253-Trp-CA
tRNA_tdbR00000594-Ascaris_suum-6253-Leu-AA
tRNA_tdbR00000595-Escherichia_coli-562-Leu-BAA
tRNA_tdbR00000605-Lupinus_luteus-3873-Leu-CAG
tRNA_tdbR00000606-Lupinus_luteus-3873-Leu-IAG
tRNA_tdbR00000607-Lupinus_luteus-3873-Leu-IAG
tRNA_tdbR00000608-Lupinus_luteus-3873-Leu-UAA
tRNA_tdbR00000609-Chlamydomonas_reinhardtii-3055-Leu-UA7
tRNA_tdbR00000610-Caulobacter_crescentus_CB15-190650-His-GUG
tRNA_tdbR00000611-Sinorhizobium_meliloti-382-His-GUG
tRNA_tdbR00000612-Sinorhizobium_meliloti-382-Trp-CCA
tRNA_tdbR00000613-Nanoarchaeum_equitans-160232-Glu-CUC
tRNA_tdbR00000614-Nanoarchaeum_equitans-160232-Ini-CAU
tRNA_tdbR00000615-Nanoarchaeum_equitans-160232-Trp-CCA
tRNA_tdbR00000616-Nanoarchaeum_equitans-160232-Lys-CUU
tRNA_tdbR00000617-Nanoarchaeum_equitans-160232-Gln-UUG
tRNA_tdbR00000618-Candida_albicans-5476-Leu-CAG
tRNA_tdbR00000619-Toxoplasma_gondii-5811-Met-CAU
tRNA_tdbR00000620-Toxoplasma_gondii-5811-Ini-CAU
tRNA_tdbR00000621-Nicotiana_rustica-4093-Cys-GCA
tRNA_tdbR00000622-Nicotiana_rustica-4093-Cys-GCA
tRNA_tdbR00000623-Escherichia_coli-562-Pro-CGG
